"C:/Users/vgritsenko/Desktop/BB_Task_HandDataDragonfly/Content/bamboo-wood-semigloss-albedo.uasset" 0
"C:/Users/vgritsenko/Desktop/BB_Task_HandDataDragonfly/Content/bamboo-wood-semigloss-albedo.uexp" 1
"C:/Users/vgritsenko/Desktop/BB_Task_HandDataDragonfly/Content/bamboo-wood-semigloss-albedo.ubulk" 2
"C:/Users/vgritsenko/Desktop/BB_Task_HandDataDragonfly/Content/bamboo-wood-semigloss-albedo_Mat.uasset" 3
"C:/Users/vgritsenko/Desktop/BB_Task_HandDataDragonfly/Content/bamboo-wood-semigloss-albedo_Mat.uexp" 4
"C:/Users/vgritsenko/Desktop/BB_Task_HandDataDragonfly/Content/bamboo-wood-semigloss-ao.uasset" 5
"C:/Users/vgritsenko/Desktop/BB_Task_HandDataDragonfly/Content/bamboo-wood-semigloss-ao.uexp" 6
"C:/Users/vgritsenko/Desktop/BB_Task_HandDataDragonfly/Content/bamboo-wood-semigloss-ao.ubulk" 7
"C:/Users/vgritsenko/Desktop/BB_Task_HandDataDragonfly/Content/bamboo-wood-semigloss-metal.uasset" 8
"C:/Users/vgritsenko/Desktop/BB_Task_HandDataDragonfly/Content/bamboo-wood-semigloss-metal.uexp" 9
"C:/Users/vgritsenko/Desktop/BB_Task_HandDataDragonfly/Content/bamboo-wood-semigloss-metal.ubulk" 10
"C:/Users/vgritsenko/Desktop/BB_Task_HandDataDragonfly/Content/bamboo-wood-semigloss-normal.uasset" 11
"C:/Users/vgritsenko/Desktop/BB_Task_HandDataDragonfly/Content/bamboo-wood-semigloss-normal.uexp" 12
"C:/Users/vgritsenko/Desktop/BB_Task_HandDataDragonfly/Content/bamboo-wood-semigloss-normal.ubulk" 13
"C:/Users/vgritsenko/Desktop/BB_Task_HandDataDragonfly/Content/bamboo-wood-semigloss-normal_Mat.uasset" 14
"C:/Users/vgritsenko/Desktop/BB_Task_HandDataDragonfly/Content/bamboo-wood-semigloss-normal_Mat.uexp" 15
"C:/Users/vgritsenko/Desktop/BB_Task_HandDataDragonfly/Content/bamboo-wood-semigloss-roughness.uasset" 16
"C:/Users/vgritsenko/Desktop/BB_Task_HandDataDragonfly/Content/bamboo-wood-semigloss-roughness.uexp" 17
"C:/Users/vgritsenko/Desktop/BB_Task_HandDataDragonfly/Content/bamboo-wood-semigloss-roughness.ubulk" 18
"C:/Users/vgritsenko/Desktop/BB_Task_HandDataDragonfly/Content/wood_0015_ao_4k.uasset" 19
"C:/Users/vgritsenko/Desktop/BB_Task_HandDataDragonfly/Content/wood_0015_ao_4k.uexp" 20
"C:/Users/vgritsenko/Desktop/BB_Task_HandDataDragonfly/Content/wood_0015_ao_4k.ubulk" 21
"C:/Users/vgritsenko/Desktop/BB_Task_HandDataDragonfly/Content/wood_0015_normal_4k.uasset" 22
"C:/Users/vgritsenko/Desktop/BB_Task_HandDataDragonfly/Content/wood_0015_normal_4k.uexp" 23
"C:/Users/vgritsenko/Desktop/BB_Task_HandDataDragonfly/Content/wood_0015_normal_4k.ubulk" 24
"C:/Users/vgritsenko/Desktop/BB_Task_HandDataDragonfly/Content/wood_0015_roughness_4k.uasset" 25
"C:/Users/vgritsenko/Desktop/BB_Task_HandDataDragonfly/Content/wood_0015_roughness_4k.uexp" 26
"C:/Users/vgritsenko/Desktop/BB_Task_HandDataDragonfly/Content/wood_0015_roughness_4k.ubulk" 27
"C:/Users/vgritsenko/Desktop/BB_Task_HandDataDragonfly/Content/wood_0019_ao_4k.uasset" 28
"C:/Users/vgritsenko/Desktop/BB_Task_HandDataDragonfly/Content/wood_0019_ao_4k.uexp" 29
"C:/Users/vgritsenko/Desktop/BB_Task_HandDataDragonfly/Content/wood_0019_ao_4k.ubulk" 30
"C:/Users/vgritsenko/Desktop/BB_Task_HandDataDragonfly/Content/wood_0019_normal_4k.uasset" 31
"C:/Users/vgritsenko/Desktop/BB_Task_HandDataDragonfly/Content/wood_0019_normal_4k.uexp" 32
"C:/Users/vgritsenko/Desktop/BB_Task_HandDataDragonfly/Content/wood_0019_normal_4k.ubulk" 33
"C:/Users/vgritsenko/Desktop/BB_Task_HandDataDragonfly/Content/wood_0019_roughness_4k.uasset" 34
"C:/Users/vgritsenko/Desktop/BB_Task_HandDataDragonfly/Content/wood_0019_roughness_4k.uexp" 35
"C:/Users/vgritsenko/Desktop/BB_Task_HandDataDragonfly/Content/wood_0019_roughness_4k.ubulk" 36
"C:/Users/vgritsenko/Desktop/BB_Task_HandDataDragonfly/Content/Geometry/CubeMaterialOverride.uasset" 37
"C:/Users/vgritsenko/Desktop/BB_Task_HandDataDragonfly/Content/Geometry/CubeMaterialOverride.uexp" 38
"C:/Users/vgritsenko/Desktop/BB_Task_HandDataDragonfly/Content/Geometry/SM_Box.uasset" 39
"C:/Users/vgritsenko/Desktop/BB_Task_HandDataDragonfly/Content/Geometry/SM_Box.uexp" 40
"C:/Users/vgritsenko/Desktop/BB_Task_HandDataDragonfly/Content/Geometry/FbxScene_Box.uasset" 41
"C:/Users/vgritsenko/Desktop/BB_Task_HandDataDragonfly/Content/Geometry/FbxScene_Box.uexp" 42
"C:/Users/vgritsenko/Desktop/BB_Task_HandDataDragonfly/Content/Geometry/M_Texture_Atlas.uasset" 43
"C:/Users/vgritsenko/Desktop/BB_Task_HandDataDragonfly/Content/Geometry/M_Texture_Atlas.uexp" 44
"C:/Users/vgritsenko/Desktop/BB_Task_HandDataDragonfly/Content/Geometry/SM_Table_1A.uasset" 45
"C:/Users/vgritsenko/Desktop/BB_Task_HandDataDragonfly/Content/Geometry/SM_Table_1A.uexp" 46
"C:/Users/vgritsenko/Desktop/BB_Task_HandDataDragonfly/Content/Geometry/FbxScene_Table.uasset" 47
"C:/Users/vgritsenko/Desktop/BB_Task_HandDataDragonfly/Content/Geometry/FbxScene_Table.uexp" 48
"C:/Users/vgritsenko/Desktop/BB_Task_HandDataDragonfly/Content/Geometry/Meshes/CubeMaterial.uasset" 49
"C:/Users/vgritsenko/Desktop/BB_Task_HandDataDragonfly/Content/Geometry/Meshes/CubeMaterial.uexp" 50
"C:/Users/vgritsenko/Desktop/BB_Task_HandDataDragonfly/Content/Geometry/Meshes/1M_Cube_Chamfer.uasset" 51
"C:/Users/vgritsenko/Desktop/BB_Task_HandDataDragonfly/Content/Geometry/Meshes/1M_Cube_Chamfer.uexp" 52
"C:/Users/vgritsenko/Desktop/BB_Task_HandDataDragonfly/Content/Hands/Models/HandMatPose.uasset" 53
"C:/Users/vgritsenko/Desktop/BB_Task_HandDataDragonfly/Content/Hands/Models/HandMatPose.uexp" 54
"C:/Users/vgritsenko/Desktop/BB_Task_HandDataDragonfly/Content/Hands/Models/HandMatSkel.uasset" 55
"C:/Users/vgritsenko/Desktop/BB_Task_HandDataDragonfly/Content/Hands/Models/HandMatSkel.uexp" 56
"C:/Users/vgritsenko/Desktop/BB_Task_HandDataDragonfly/Content/Hands/Models/OculusHand_L_Skeleton.uasset" 57
"C:/Users/vgritsenko/Desktop/BB_Task_HandDataDragonfly/Content/Hands/Models/OculusHand_L_Skeleton.uexp" 58
"../../../Engine/Content/Animation/DefaultAnimCurveCompressionSettings.uasset" 59
"../../../Engine/Content/Animation/DefaultAnimCurveCompressionSettings.uexp" 60
"../../../Engine/Content/Animation/DefaultAnimBoneCompressionSettings.uasset" 61
"../../../Engine/Content/Animation/DefaultAnimBoneCompressionSettings.uexp" 62
"C:/Users/vgritsenko/Desktop/BB_Task_HandDataDragonfly/Content/Hands/Models/LeftHand_Open.uasset" 63
"C:/Users/vgritsenko/Desktop/BB_Task_HandDataDragonfly/Content/Hands/Models/LeftHand_Open.uexp" 64
"C:/Users/vgritsenko/Desktop/BB_Task_HandDataDragonfly/Content/VirtualReality/Materials/GenericHMDMaterial.uasset" 65
"C:/Users/vgritsenko/Desktop/BB_Task_HandDataDragonfly/Content/VirtualReality/Materials/GenericHMDMaterial.uexp" 66
"C:/Users/vgritsenko/Desktop/BB_Task_HandDataDragonfly/Content/VirtualReality/Meshes/GenericHMD.uasset" 67
"C:/Users/vgritsenko/Desktop/BB_Task_HandDataDragonfly/Content/VirtualReality/Meshes/GenericHMD.uexp" 68
"../../../Engine/Content/EngineMaterials/T_Default_Material_Grid_N.uasset" 69
"../../../Engine/Content/EngineMaterials/T_Default_Material_Grid_N.uexp" 70
"../../../Engine/Content/EngineMaterials/T_Default_Material_Grid_N.ubulk" 71
"../../../Engine/Content/EngineMaterials/T_Default_Material_Grid_M.uasset" 72
"../../../Engine/Content/EngineMaterials/T_Default_Material_Grid_M.uexp" 73
"../../../Engine/Content/EngineMaterials/T_Default_Material_Grid_M.ubulk" 74
"../../../Engine/Content/Functions/Engine_MaterialFunctions01/Opacity/CameraDepthFade.uasset" 75
"../../../Engine/Content/Functions/Engine_MaterialFunctions01/Opacity/CameraDepthFade.uexp" 76
"../../../Engine/Content/EngineMaterials/DefaultMaterial.uasset" 77
"../../../Engine/Content/EngineMaterials/DefaultMaterial.uexp" 78
"../../../Engine/Content/BasicShapes/Sphere.uasset" 79
"../../../Engine/Content/BasicShapes/Sphere.uexp" 80
"C:/Users/vgritsenko/Desktop/BB_Task_HandDataDragonfly/Content/VirtualRealityBP/Blueprints/MotionControllerHaptics.uasset" 81
"C:/Users/vgritsenko/Desktop/BB_Task_HandDataDragonfly/Content/VirtualRealityBP/Blueprints/MotionControllerHaptics.uexp" 82
"C:/Users/vgritsenko/Desktop/BB_Task_HandDataDragonfly/Content/VirtualRealityObjectPickup/BPC_PickupObject.uasset" 83
"C:/Users/vgritsenko/Desktop/BB_Task_HandDataDragonfly/Content/VirtualRealityObjectPickup/BPC_PickupObject.uexp" 84
"C:/Users/vgritsenko/Desktop/BB_Task_HandDataDragonfly/Content/VirtualRealityBP/Blueprints/PickupActorInterface.uasset" 85
"C:/Users/vgritsenko/Desktop/BB_Task_HandDataDragonfly/Content/VirtualRealityBP/Blueprints/PickupActorInterface.uexp" 86
"../../../Engine/Content/EditorBlueprintResources/StandardMacros.uasset" 87
"../../../Engine/Content/EditorBlueprintResources/StandardMacros.uexp" 88
"C:/Users/vgritsenko/Desktop/BB_Task_HandDataDragonfly/Content/VirtualReality/Meshes/SM_FatCylinder.uasset" 89
"C:/Users/vgritsenko/Desktop/BB_Task_HandDataDragonfly/Content/VirtualReality/Meshes/SM_FatCylinder.uexp" 90
"../../../Engine/Content/EngineMaterials/WorldGridMaterial.uasset" 91
"../../../Engine/Content/EngineMaterials/WorldGridMaterial.uexp" 92
"C:/Users/vgritsenko/Desktop/BB_Task_HandDataDragonfly/Content/VirtualReality/Meshes/BeamMesh.uasset" 93
"C:/Users/vgritsenko/Desktop/BB_Task_HandDataDragonfly/Content/VirtualReality/Meshes/BeamMesh.uexp" 94
"C:/Users/vgritsenko/Desktop/BB_Task_HandDataDragonfly/Content/VirtualReality/Meshes/BeaconDirection.uasset" 95
"C:/Users/vgritsenko/Desktop/BB_Task_HandDataDragonfly/Content/VirtualReality/Meshes/BeaconDirection.uexp" 96
"C:/Users/vgritsenko/Desktop/BB_Task_HandDataDragonfly/Content/VirtualReality/Meshes/1x1_cube.uasset" 97
"C:/Users/vgritsenko/Desktop/BB_Task_HandDataDragonfly/Content/VirtualReality/Meshes/1x1_cube.uexp" 98
"../../../Engine/Content/EngineMaterials/Good64x64TilingNoiseHighFreq.uasset" 99
"../../../Engine/Content/EngineMaterials/Good64x64TilingNoiseHighFreq.uexp" 100
"C:/Users/vgritsenko/Desktop/BB_Task_HandDataDragonfly/Content/VirtualReality/Materials/TeleportMCP.uasset" 101
"C:/Users/vgritsenko/Desktop/BB_Task_HandDataDragonfly/Content/VirtualReality/Materials/TeleportMCP.uexp" 102
"../../../Engine/Content/Functions/Engine_MaterialFunctions02/Utility/CameraDirectionVector.uasset" 103
"../../../Engine/Content/Functions/Engine_MaterialFunctions02/Utility/CameraDirectionVector.uexp" 104
"../../../Engine/Content/Functions/Engine_MaterialFunctions02/Utility/BreakOutFloat2Components.uasset" 105
"../../../Engine/Content/Functions/Engine_MaterialFunctions02/Utility/BreakOutFloat2Components.uexp" 106
"../../../Engine/Content/Functions/Engine_MaterialFunctions02/ScreenResolution.uasset" 107
"../../../Engine/Content/Functions/Engine_MaterialFunctions02/ScreenResolution.uexp" 108
"../../../Engine/Content/Functions/Engine_MaterialFunctions01/Texturing/ScaleUVsByCenter.uasset" 109
"../../../Engine/Content/Functions/Engine_MaterialFunctions01/Texturing/ScaleUVsByCenter.uexp" 110
"../../../Engine/Content/Functions/Engine_MaterialFunctions02/Texturing/ScreenAlignedUVs.uasset" 111
"../../../Engine/Content/Functions/Engine_MaterialFunctions02/Texturing/ScreenAlignedUVs.uexp" 112
"../../../Engine/Content/Functions/Engine_MaterialFunctions02/Utility/DepthFromWorldPosition.uasset" 113
"../../../Engine/Content/Functions/Engine_MaterialFunctions02/Utility/DepthFromWorldPosition.uexp" 114
"C:/Users/vgritsenko/Desktop/BB_Task_HandDataDragonfly/Content/VirtualReality/Materials/MF_OccludedPixels.uasset" 115
"C:/Users/vgritsenko/Desktop/BB_Task_HandDataDragonfly/Content/VirtualReality/Materials/MF_OccludedPixels.uexp" 116
"C:/Users/vgritsenko/Desktop/BB_Task_HandDataDragonfly/Content/VirtualReality/Materials/M_SplineArcMat.uasset" 117
"C:/Users/vgritsenko/Desktop/BB_Task_HandDataDragonfly/Content/VirtualReality/Materials/M_SplineArcMat.uexp" 118
"C:/Users/vgritsenko/Desktop/BB_Task_HandDataDragonfly/Content/VirtualReality/Materials/M_ArcEndpoint.uasset" 119
"C:/Users/vgritsenko/Desktop/BB_Task_HandDataDragonfly/Content/VirtualReality/Materials/M_ArcEndpoint.uexp" 120
"../../../Engine/Content/BasicShapes/Cylinder.uasset" 121
"../../../Engine/Content/BasicShapes/Cylinder.uexp" 122
"C:/Users/vgritsenko/Desktop/BB_Task_HandDataDragonfly/Content/VirtualReality/Materials/M_TeleportPreviews.uasset" 123
"C:/Users/vgritsenko/Desktop/BB_Task_HandDataDragonfly/Content/VirtualReality/Materials/M_TeleportPreviews.uexp" 124
"C:/Users/vgritsenko/Desktop/BB_Task_HandDataDragonfly/Content/VirtualReality/Materials/MI_TeleportCylinderPreview.uasset" 125
"C:/Users/vgritsenko/Desktop/BB_Task_HandDataDragonfly/Content/VirtualReality/Materials/MI_TeleportCylinderPreview.uexp" 126
"C:/Users/vgritsenko/Desktop/BB_Task_HandDataDragonfly/Content/VirtualReality/Materials/MI_ChaperoneOutline.uasset" 127
"C:/Users/vgritsenko/Desktop/BB_Task_HandDataDragonfly/Content/VirtualReality/Materials/MI_ChaperoneOutline.uexp" 128
"C:/Users/vgritsenko/Desktop/BB_Task_HandDataDragonfly/Content/VirtualReality/Mannequin/Character/Mesh/MannequinHand_Right_PhysicsAsset.uasset" 129
"C:/Users/vgritsenko/Desktop/BB_Task_HandDataDragonfly/Content/VirtualReality/Mannequin/Character/Mesh/MannequinHand_Right_PhysicsAsset.uexp" 130
"C:/Users/vgritsenko/Desktop/BB_Task_HandDataDragonfly/Content/VirtualReality/Mannequin/Character/Textures/UE4_Mannequin_MAT_MASKA.uasset" 131
"C:/Users/vgritsenko/Desktop/BB_Task_HandDataDragonfly/Content/VirtualReality/Mannequin/Character/Textures/UE4_Mannequin_MAT_MASKA.uexp" 132
"C:/Users/vgritsenko/Desktop/BB_Task_HandDataDragonfly/Content/VirtualReality/Mannequin/Character/Textures/UE4_Mannequin_MAT_MASKA.ubulk" 133
"C:/Users/vgritsenko/Desktop/BB_Task_HandDataDragonfly/Content/VirtualReality/Mannequin/Character/Textures/UE4_Mannequin__normals.uasset" 134
"C:/Users/vgritsenko/Desktop/BB_Task_HandDataDragonfly/Content/VirtualReality/Mannequin/Character/Textures/UE4_Mannequin__normals.uexp" 135
"C:/Users/vgritsenko/Desktop/BB_Task_HandDataDragonfly/Content/VirtualReality/Mannequin/Character/Textures/UE4_Mannequin__normals.ubulk" 136
"C:/Users/vgritsenko/Desktop/BB_Task_HandDataDragonfly/Content/VirtualReality/Mannequin/Character/Materials/M_HandMat.uasset" 137
"C:/Users/vgritsenko/Desktop/BB_Task_HandDataDragonfly/Content/VirtualReality/Mannequin/Character/Materials/M_HandMat.uexp" 138
"C:/Users/vgritsenko/Desktop/BB_Task_HandDataDragonfly/Content/VirtualReality/Mannequin/Character/Mesh/MannequinHand_Right_Skeleton.uasset" 139
"C:/Users/vgritsenko/Desktop/BB_Task_HandDataDragonfly/Content/VirtualReality/Mannequin/Character/Mesh/MannequinHand_Right_Skeleton.uexp" 140
"C:/Users/vgritsenko/Desktop/BB_Task_HandDataDragonfly/Content/VirtualReality/Mannequin/Character/Mesh/MannequinHand_Right.uasset" 141
"C:/Users/vgritsenko/Desktop/BB_Task_HandDataDragonfly/Content/VirtualReality/Mannequin/Character/Mesh/MannequinHand_Right.uexp" 142
"C:/Users/vgritsenko/Desktop/BB_Task_HandDataDragonfly/Content/VirtualRealityBP/Blueprints/GripEnum.uasset" 143
"C:/Users/vgritsenko/Desktop/BB_Task_HandDataDragonfly/Content/VirtualRealityBP/Blueprints/GripEnum.uexp" 144
"C:/Users/vgritsenko/Desktop/BB_Task_HandDataDragonfly/Content/VirtualReality/Mannequin/Animations/MannequinHand_Right_Open.uasset" 145
"C:/Users/vgritsenko/Desktop/BB_Task_HandDataDragonfly/Content/VirtualReality/Mannequin/Animations/MannequinHand_Right_Open.uexp" 146
"C:/Users/vgritsenko/Desktop/BB_Task_HandDataDragonfly/Content/VirtualReality/Mannequin/Animations/MannequinHand_Right_Grab.uasset" 147
"C:/Users/vgritsenko/Desktop/BB_Task_HandDataDragonfly/Content/VirtualReality/Mannequin/Animations/MannequinHand_Right_Grab.uexp" 148
"C:/Users/vgritsenko/Desktop/BB_Task_HandDataDragonfly/Content/VirtualReality/Mannequin/Animations/MannequinHand_Right_CanGrab.uasset" 149
"C:/Users/vgritsenko/Desktop/BB_Task_HandDataDragonfly/Content/VirtualReality/Mannequin/Animations/MannequinHand_Right_CanGrab.uexp" 150
"C:/Users/vgritsenko/Desktop/BB_Task_HandDataDragonfly/Content/VirtualReality/Mannequin/Animations/RightGrip_BS.uasset" 151
"C:/Users/vgritsenko/Desktop/BB_Task_HandDataDragonfly/Content/VirtualReality/Mannequin/Animations/RightGrip_BS.uexp" 152
"C:/Users/vgritsenko/Desktop/BB_Task_HandDataDragonfly/Content/VirtualReality/Mannequin/Animations/RightHand_AnimBP.uasset" 153
"C:/Users/vgritsenko/Desktop/BB_Task_HandDataDragonfly/Content/VirtualReality/Mannequin/Animations/RightHand_AnimBP.uexp" 154
"C:/Users/vgritsenko/Desktop/BB_Task_HandDataDragonfly/Content/VirtualRealityBP/Blueprints/BP_MotionController.uasset" 155
"C:/Users/vgritsenko/Desktop/BB_Task_HandDataDragonfly/Content/VirtualRealityBP/Blueprints/BP_MotionController.uexp" 156
"C:/Users/vgritsenko/Desktop/BB_Task_HandDataDragonfly/Content/VirtualRealityBP/Blueprints/MotionControllerPawn.uasset" 157
"C:/Users/vgritsenko/Desktop/BB_Task_HandDataDragonfly/Content/VirtualRealityBP/Blueprints/MotionControllerPawn.uexp" 158
"C:/Users/vgritsenko/Desktop/BB_Task_HandDataDragonfly/Content/Hands/Models/HandMat.uasset" 159
"C:/Users/vgritsenko/Desktop/BB_Task_HandDataDragonfly/Content/Hands/Models/HandMat.uexp" 160
"C:/Users/vgritsenko/Desktop/BB_Task_HandDataDragonfly/Content/Hands/Models/OculusHand_L.uasset" 161
"C:/Users/vgritsenko/Desktop/BB_Task_HandDataDragonfly/Content/Hands/Models/OculusHand_L.uexp" 162
"C:/Users/vgritsenko/Desktop/BB_Task_HandDataDragonfly/Content/VirtualRealityObjectPickup/BP_HandData.uasset" 163
"C:/Users/vgritsenko/Desktop/BB_Task_HandDataDragonfly/Content/VirtualRealityObjectPickup/BP_HandData.uexp" 164
"C:/Users/vgritsenko/Desktop/BB_Task_HandDataDragonfly/Content/VirtualRealityObjectPickup/BP_TCP_Socket.uasset" 165
"C:/Users/vgritsenko/Desktop/BB_Task_HandDataDragonfly/Content/VirtualRealityObjectPickup/BP_TCP_Socket.uexp" 166
"C:/Users/vgritsenko/Desktop/BB_Task_HandDataDragonfly/Content/VirtualRealityObjectPickup/Main_Menu.uasset" 167
"C:/Users/vgritsenko/Desktop/BB_Task_HandDataDragonfly/Content/VirtualRealityObjectPickup/Main_Menu.uexp" 168
"C:/Users/vgritsenko/Desktop/BB_Task_HandDataDragonfly/Content/VirtualRealityObjectPickup/Game_Instance.uasset" 169
"C:/Users/vgritsenko/Desktop/BB_Task_HandDataDragonfly/Content/VirtualRealityObjectPickup/Game_Instance.uexp" 170
"C:/Users/vgritsenko/Desktop/BB_Task_HandDataDragonfly/Content/VirtualRealityObjectPickup/Meshes/BottomMaterial.uasset" 171
"C:/Users/vgritsenko/Desktop/BB_Task_HandDataDragonfly/Content/VirtualRealityObjectPickup/Meshes/BottomMaterial.uexp" 172
"C:/Users/vgritsenko/Desktop/BB_Task_HandDataDragonfly/Content/VirtualRealityObjectPickup/Meshes/CenterBarrierMaterial.uasset" 173
"C:/Users/vgritsenko/Desktop/BB_Task_HandDataDragonfly/Content/VirtualRealityObjectPickup/Meshes/CenterBarrierMaterial.uexp" 174
"C:/Users/vgritsenko/Desktop/BB_Task_HandDataDragonfly/Content/VirtualRealityObjectPickup/Meshes/SideWallMaterial.uasset" 175
"C:/Users/vgritsenko/Desktop/BB_Task_HandDataDragonfly/Content/VirtualRealityObjectPickup/Meshes/SideWallMaterial.uexp" 176
"C:/Users/vgritsenko/Desktop/BB_Task_HandDataDragonfly/Content/wood_0015_4k_3A3SvU/wood_0015_ao_4k.uasset" 177
"C:/Users/vgritsenko/Desktop/BB_Task_HandDataDragonfly/Content/wood_0015_4k_3A3SvU/wood_0015_ao_4k.uexp" 178
"C:/Users/vgritsenko/Desktop/BB_Task_HandDataDragonfly/Content/wood_0015_4k_3A3SvU/wood_0015_ao_4k.ubulk" 179
"C:/Users/vgritsenko/Desktop/BB_Task_HandDataDragonfly/Content/wood_0015_4k_3A3SvU/wood_0015_ao_4k_Mat.uasset" 180
"C:/Users/vgritsenko/Desktop/BB_Task_HandDataDragonfly/Content/wood_0015_4k_3A3SvU/wood_0015_ao_4k_Mat.uexp" 181
"C:/Users/vgritsenko/Desktop/BB_Task_HandDataDragonfly/Content/wood_0015_4k_3A3SvU/wood_0015_base_color_4k.uasset" 182
"C:/Users/vgritsenko/Desktop/BB_Task_HandDataDragonfly/Content/wood_0015_4k_3A3SvU/wood_0015_base_color_4k.uexp" 183
"C:/Users/vgritsenko/Desktop/BB_Task_HandDataDragonfly/Content/wood_0015_4k_3A3SvU/wood_0015_base_color_4k.ubulk" 184
"C:/Users/vgritsenko/Desktop/BB_Task_HandDataDragonfly/Content/wood_0015_4k_3A3SvU/wood_0015_normal_4k.uasset" 185
"C:/Users/vgritsenko/Desktop/BB_Task_HandDataDragonfly/Content/wood_0015_4k_3A3SvU/wood_0015_normal_4k.uexp" 186
"C:/Users/vgritsenko/Desktop/BB_Task_HandDataDragonfly/Content/wood_0015_4k_3A3SvU/wood_0015_normal_4k.ubulk" 187
"C:/Users/vgritsenko/Desktop/BB_Task_HandDataDragonfly/Content/wood_0015_4k_3A3SvU/wood_0015_roughness_4k.uasset" 188
"C:/Users/vgritsenko/Desktop/BB_Task_HandDataDragonfly/Content/wood_0015_4k_3A3SvU/wood_0015_roughness_4k.uexp" 189
"C:/Users/vgritsenko/Desktop/BB_Task_HandDataDragonfly/Content/wood_0015_4k_3A3SvU/wood_0015_roughness_4k.ubulk" 190
"../../../Engine/Content/ArtTools/RenderToTexture/Meshes/S_1_Unit_Plane.uasset" 191
"../../../Engine/Content/ArtTools/RenderToTexture/Meshes/S_1_Unit_Plane.uexp" 192
"../../../Engine/Content/BasicShapes/Cone.uasset" 193
"../../../Engine/Content/BasicShapes/Cone.uexp" 194
"../../../Engine/Content/BasicShapes/Plane.uasset" 195
"../../../Engine/Content/BasicShapes/Plane.uexp" 196
"../../../Engine/Content/EditorLandscapeResources/DataLayer.uasset" 197
"../../../Engine/Content/EditorLandscapeResources/DataLayer.uexp" 198
"../../../Engine/Content/EditorLandscapeResources/DefaultAlphaTexture.uasset" 199
"../../../Engine/Content/EditorLandscapeResources/DefaultAlphaTexture.uexp" 200
"../../../Engine/Content/EditorMaterials/MAT_Groups_Toggle.uasset" 201
"../../../Engine/Content/EditorMaterials/MAT_Groups_Toggle.uexp" 202
"../../../Engine/Content/EditorMaterials/MAT_Groups_Visibility.uasset" 203
"../../../Engine/Content/EditorMaterials/MAT_Groups_Visibility.uexp" 204
"../../../Engine/Content/EditorMaterials/PreviewShadowIndicator.uasset" 205
"../../../Engine/Content/EditorMaterials/PreviewShadowIndicator.uexp" 206
"../../../Engine/Content/EditorMaterials/PreviewShadowIndicator.ubulk" 207
"../../../Engine/Content/EditorMaterials/PreviewShadowIndicatorMaterial.uasset" 208
"../../../Engine/Content/EditorMaterials/PreviewShadowIndicatorMaterial.uexp" 209
"../../../Engine/Content/EditorMaterials/MatineeGroups/MAT_ColorTrack.uasset" 210
"../../../Engine/Content/EditorMaterials/MatineeGroups/MAT_ColorTrack.uexp" 211
"../../../Engine/Content/EditorMaterials/MatineeGroups/MAT_Groups_Anim.uasset" 212
"../../../Engine/Content/EditorMaterials/MatineeGroups/MAT_Groups_Anim.uexp" 213
"../../../Engine/Content/EditorMaterials/MatineeGroups/MAT_Groups_AudioMaster.uasset" 214
"../../../Engine/Content/EditorMaterials/MatineeGroups/MAT_Groups_AudioMaster.uexp" 215
"../../../Engine/Content/EditorMaterials/MatineeGroups/MAT_Groups_Director.uasset" 216
"../../../Engine/Content/EditorMaterials/MatineeGroups/MAT_Groups_Director.uexp" 217
"../../../Engine/Content/EditorMaterials/MatineeGroups/MAT_Groups_Event.uasset" 218
"../../../Engine/Content/EditorMaterials/MatineeGroups/MAT_Groups_Event.uexp" 219
"../../../Engine/Content/EditorMaterials/MatineeGroups/MAT_Groups_Fade.uasset" 220
"../../../Engine/Content/EditorMaterials/MatineeGroups/MAT_Groups_Fade.uexp" 221
"../../../Engine/Content/EditorMaterials/MatineeGroups/MAT_Groups_Float.uasset" 222
"../../../Engine/Content/EditorMaterials/MatineeGroups/MAT_Groups_Float.uexp" 223
"../../../Engine/Content/EditorMaterials/MatineeGroups/MAT_Groups_Move.uasset" 224
"../../../Engine/Content/EditorMaterials/MatineeGroups/MAT_Groups_Move.uexp" 225
"../../../Engine/Content/EditorMaterials/MatineeGroups/MAT_Groups_Slomo.uasset" 226
"../../../Engine/Content/EditorMaterials/MatineeGroups/MAT_Groups_Slomo.uexp" 227
"../../../Engine/Content/EditorMaterials/MatineeGroups/MAT_Groups_Sound.uasset" 228
"../../../Engine/Content/EditorMaterials/MatineeGroups/MAT_Groups_Sound.uexp" 229
"../../../Engine/Content/EditorMaterials/MatineeGroups/MAT_Groups_Vector.uasset" 230
"../../../Engine/Content/EditorMaterials/MatineeGroups/MAT_Groups_Vector.uexp" 231
"../../../Engine/Content/EditorMaterials/ParticleSystems/PSysThumbnail_NoImage.uasset" 232
"../../../Engine/Content/EditorMaterials/ParticleSystems/PSysThumbnail_NoImage.uexp" 233
"../../../Engine/Content/EditorMaterials/ParticleSystems/PSysThumbnail_NoImage.ubulk" 234
"../../../Engine/Content/EditorMaterials/ParticleSystems/PSysThumbnail_OOD.uasset" 235
"../../../Engine/Content/EditorMaterials/ParticleSystems/PSysThumbnail_OOD.uexp" 236
"../../../Engine/Content/EditorMaterials/ParticleSystems/PSysThumbnail_OOD.ubulk" 237
"../../../Engine/Content/EditorMaterials/Camera/CineMat.uasset" 238
"../../../Engine/Content/EditorMaterials/Camera/CineMat.uexp" 239
"../../../Engine/Content/EditorMaterials/Camera/MI_CineMat_Rig.uasset" 240
"../../../Engine/Content/EditorMaterials/Camera/MI_CineMat_Rig.uexp" 241
"../../../Engine/Content/EditorMeshes/Camera/SM_CraneRig_Arm.uasset" 242
"../../../Engine/Content/EditorMeshes/Camera/SM_CraneRig_Arm.uexp" 243
"../../../Engine/Content/EditorMeshes/Camera/SM_CraneRig_Base.uasset" 244
"../../../Engine/Content/EditorMeshes/Camera/SM_CraneRig_Base.uexp" 245
"../../../Engine/Content/EditorMeshes/Camera/SM_CraneRig_Body.uasset" 246
"../../../Engine/Content/EditorMeshes/Camera/SM_CraneRig_Body.uexp" 247
"../../../Engine/Content/EditorMeshes/Camera/SM_CraneRig_Mount.uasset" 248
"../../../Engine/Content/EditorMeshes/Camera/SM_CraneRig_Mount.uexp" 249
"../../../Engine/Content/EditorMeshes/Camera/SM_RailRig_Mount.uasset" 250
"../../../Engine/Content/EditorMeshes/Camera/SM_RailRig_Mount.uexp" 251
"../../../Engine/Content/EditorMeshes/Camera/SM_RailRig_Track.uasset" 252
"../../../Engine/Content/EditorMeshes/Camera/SM_RailRig_Track.uexp" 253
"../../../Engine/Content/EditorResources/BSPVertex.uasset" 254
"../../../Engine/Content/EditorResources/BSPVertex.uexp" 255
"../../../Engine/Content/EditorResources/EmptyActor.uasset" 256
"../../../Engine/Content/EditorResources/EmptyActor.uexp" 257
"../../../Engine/Content/EditorResources/S_Actor.uasset" 258
"../../../Engine/Content/EditorResources/S_Actor.uexp" 259
"../../../Engine/Content/EditorResources/S_Actor.ubulk" 260
"../../../Engine/Content/EditorResources/S_Note.uasset" 261
"../../../Engine/Content/EditorResources/S_Note.uexp" 262
"../../../Engine/Content/EditorResources/S_Note.ubulk" 263
"../../../Engine/Content/EditorResources/S_Solver.uasset" 264
"../../../Engine/Content/EditorResources/S_Solver.uexp" 265
"../../../Engine/Content/EditorResources/S_Solver.ubulk" 266
"../../../Engine/Content/EditorResources/S_Terrain.uasset" 267
"../../../Engine/Content/EditorResources/S_Terrain.uexp" 268
"../../../Engine/Content/EditorResources/S_Terrain.ubulk" 269
"../../../Engine/Content/EditorResources/S_Trigger.uasset" 270
"../../../Engine/Content/EditorResources/S_Trigger.uexp" 271
"../../../Engine/Content/EditorResources/S_Trigger.ubulk" 272
"../../../Engine/Content/EditorResources/LightIcons/S_LightError.uasset" 273
"../../../Engine/Content/EditorResources/LightIcons/S_LightError.uexp" 274
"../../../Engine/Content/EditorResources/SequenceRecorder/Countdown.uasset" 275
"../../../Engine/Content/EditorResources/SequenceRecorder/Countdown.uexp" 276
"../../../Engine/Content/EditorResources/SequenceRecorder/RecordingIndicator.uasset" 277
"../../../Engine/Content/EditorResources/SequenceRecorder/RecordingIndicator.uexp" 278
"../../../Engine/Content/EngineDamageTypes/DmgTypeBP_Environmental.uasset" 279
"../../../Engine/Content/EngineDamageTypes/DmgTypeBP_Environmental.uexp" 280
"../../../Engine/Content/EngineDebugMaterials/DebugEditorMaterial.uasset" 281
"../../../Engine/Content/EngineDebugMaterials/DebugEditorMaterial.uexp" 282
"../../../Engine/Content/EngineDebugMaterials/DebugMeshMaterial.uasset" 283
"../../../Engine/Content/EngineDebugMaterials/DebugMeshMaterial.uexp" 284
"../../../Engine/Content/EngineDebugMaterials/M_SimpleUnlitTranslucent.uasset" 285
"../../../Engine/Content/EngineDebugMaterials/M_SimpleUnlitTranslucent.uexp" 286
"../../../Engine/Content/EngineDebugMaterials/VolumeToRender.uasset" 287
"../../../Engine/Content/EngineDebugMaterials/VolumeToRender.uexp" 288
"../../../Engine/Content/EngineDebugMaterials/M_VolumeRenderSphereTracePP.uasset" 289
"../../../Engine/Content/EngineDebugMaterials/M_VolumeRenderSphereTracePP.uexp" 290
"../../../Engine/Content/Functions/Engine_MaterialFunctions01/Shading/ConvertFromDiffSpec.uasset" 291
"../../../Engine/Content/Functions/Engine_MaterialFunctions01/Shading/ConvertFromDiffSpec.uexp" 292
"../../../Engine/Content/EngineDebugMaterials/VertexColorMaterial.uasset" 293
"../../../Engine/Content/EngineDebugMaterials/VertexColorMaterial.uexp" 294
"../../../Engine/Content/EngineDebugMaterials/WireframeMaterial.uasset" 295
"../../../Engine/Content/EngineDebugMaterials/WireframeMaterial.uexp" 296
"../../../Engine/Content/EngineFonts/Faces/RobotoRegular.uasset" 297
"../../../Engine/Content/EngineFonts/Faces/RobotoRegular.uexp" 298
"../../../Engine/Content/EngineFonts/Faces/RobotoRegular.ufont" 299
"../../../Engine/Content/EngineFonts/Faces/RobotoLight.uasset" 300
"../../../Engine/Content/EngineFonts/Faces/RobotoLight.uexp" 301
"../../../Engine/Content/EngineFonts/Faces/RobotoLight.ufont" 302
"../../../Engine/Content/EngineFonts/Faces/RobotoItalic.uasset" 303
"../../../Engine/Content/EngineFonts/Faces/RobotoItalic.uexp" 304
"../../../Engine/Content/EngineFonts/Faces/RobotoItalic.ufont" 305
"../../../Engine/Content/EngineFonts/Faces/RobotoBoldItalic.uasset" 306
"../../../Engine/Content/EngineFonts/Faces/RobotoBoldItalic.uexp" 307
"../../../Engine/Content/EngineFonts/Faces/RobotoBoldItalic.ufont" 308
"../../../Engine/Content/EngineFonts/Faces/RobotoBold.uasset" 309
"../../../Engine/Content/EngineFonts/Faces/RobotoBold.uexp" 310
"../../../Engine/Content/EngineFonts/Faces/RobotoBold.ufont" 311
"../../../Engine/Content/EngineFonts/Faces/DroidSansFallback.uasset" 312
"../../../Engine/Content/EngineFonts/Faces/DroidSansFallback.uexp" 313
"../../../Engine/Content/EngineFonts/Faces/DroidSansFallback.ufont" 314
"../../../Engine/Content/EngineFonts/Roboto.uasset" 315
"../../../Engine/Content/EngineFonts/Roboto.uexp" 316
"../../../Engine/Content/EngineMaterials/BaseFlattenNormalMap.uasset" 317
"../../../Engine/Content/EngineMaterials/BaseFlattenNormalMap.uexp" 318
"../../../Engine/Content/EngineMaterials/BaseFlattenGrayscaleMap.uasset" 319
"../../../Engine/Content/EngineMaterials/BaseFlattenGrayscaleMap.uexp" 320
"../../../Engine/Content/EngineMaterials/BaseFlattenEmissiveMap.uasset" 321
"../../../Engine/Content/EngineMaterials/BaseFlattenEmissiveMap.uexp" 322
"../../../Engine/Content/EngineMaterials/BaseFlattenDiffuseMap.uasset" 323
"../../../Engine/Content/EngineMaterials/BaseFlattenDiffuseMap.uexp" 324
"../../../Engine/Content/EngineMaterials/BaseFlattenMaterial.uasset" 325
"../../../Engine/Content/EngineMaterials/BaseFlattenMaterial.uexp" 326
"../../../Engine/Content/EngineMaterials/BlueNoise.uasset" 327
"../../../Engine/Content/EngineMaterials/BlueNoise.uexp" 328
"../../../Engine/Content/EngineMaterials/DefaultBloomKernel.uasset" 329
"../../../Engine/Content/EngineMaterials/DefaultBloomKernel.uexp" 330
"../../../Engine/Content/EngineMaterials/DefaultBokeh.uasset" 331
"../../../Engine/Content/EngineMaterials/DefaultBokeh.uexp" 332
"../../../Engine/Content/EngineMaterials/DefaultDiffuse.uasset" 333
"../../../Engine/Content/EngineMaterials/DefaultDiffuse.uexp" 334
"../../../Engine/Content/EngineMaterials/DefaultDiffuse.ubulk" 335
"../../../Engine/Content/EngineMaterials/DefaultDeferredDecalMaterial.uasset" 336
"../../../Engine/Content/EngineMaterials/DefaultDeferredDecalMaterial.uexp" 337
"../../../Engine/Content/EngineMaterials/DefaultLightFunctionMaterial.uasset" 338
"../../../Engine/Content/EngineMaterials/DefaultLightFunctionMaterial.uexp" 339
"../../../Engine/Content/EngineMaterials/DefaultPhysicalMaterial.uasset" 340
"../../../Engine/Content/EngineMaterials/DefaultPhysicalMaterial.uexp" 341
"../../../Engine/Content/EngineMaterials/DefaultPostProcessMaterial.uasset" 342
"../../../Engine/Content/EngineMaterials/DefaultPostProcessMaterial.uexp" 343
"../../../Engine/Content/EngineFonts/RobotoDistanceField.uasset" 344
"../../../Engine/Content/EngineFonts/RobotoDistanceField.uexp" 345
"../../../Engine/Content/EngineMaterials/DefaultTextMaterialOpaque.uasset" 346
"../../../Engine/Content/EngineMaterials/DefaultTextMaterialOpaque.uexp" 347
"../../../Engine/Content/EngineMaterials/DefaultWhiteGrid.uasset" 348
"../../../Engine/Content/EngineMaterials/DefaultWhiteGrid.uexp" 349
"../../../Engine/Content/EngineMaterials/DefaultWhiteGrid.ubulk" 350
"../../../Engine/Content/EngineMaterials/DefaultWhiteGrid_Low.uasset" 351
"../../../Engine/Content/EngineMaterials/DefaultWhiteGrid_Low.uexp" 352
"../../../Engine/Content/EngineMaterials/EmissiveMeshMaterial.uasset" 353
"../../../Engine/Content/EngineMaterials/EmissiveMeshMaterial.uexp" 354
"../../../Engine/Content/EngineMaterials/GizmoMaterial.uasset" 355
"../../../Engine/Content/EngineMaterials/GizmoMaterial.uexp" 356
"../../../Engine/Content/EngineMaterials/MiniFont.uasset" 357
"../../../Engine/Content/EngineMaterials/MiniFont.uexp" 358
"../../../Engine/Content/EngineMaterials/InvalidLightmapSettings.uasset" 359
"../../../Engine/Content/EngineMaterials/InvalidLightmapSettings.uexp" 360
"../../../Engine/Content/EngineMaterials/InvalidLightmapSettings.ubulk" 361
"../../../Engine/Content/EngineMaterials/M_InvalidLightmapSettings.uasset" 362
"../../../Engine/Content/EngineMaterials/M_InvalidLightmapSettings.uexp" 363
"../../../Engine/Content/Functions/Engine_MaterialFunctions02/WorldPositionOffset/CameraOffset.uasset" 364
"../../../Engine/Content/Functions/Engine_MaterialFunctions02/WorldPositionOffset/CameraOffset.uexp" 365
"../../../Engine/Content/EngineMaterials/PhAT_JointLimitMaterial.uasset" 366
"../../../Engine/Content/EngineMaterials/PhAT_JointLimitMaterial.uexp" 367
"../../../Engine/Content/EngineMaterials/DefaultCalibrationColor.uasset" 368
"../../../Engine/Content/EngineMaterials/DefaultCalibrationColor.uexp" 369
"../../../Engine/Content/EngineMaterials/PPM_DefaultCalibrationColor.uasset" 370
"../../../Engine/Content/EngineMaterials/PPM_DefaultCalibrationColor.uexp" 371
"../../../Engine/Content/EngineMaterials/DefaultCalibrationGrayscale.uasset" 372
"../../../Engine/Content/EngineMaterials/DefaultCalibrationGrayscale.uexp" 373
"../../../Engine/Content/EngineMaterials/PPM_DefaultCalibrationGrayscale.uasset" 374
"../../../Engine/Content/EngineMaterials/PPM_DefaultCalibrationGrayscale.uexp" 375
"../../../Engine/Content/EngineMaterials/PreintegratedSkinBRDF.uasset" 376
"../../../Engine/Content/EngineMaterials/PreintegratedSkinBRDF.uexp" 377
"../../../Engine/Content/EngineMaterials/RemoveSurfaceMaterial.uasset" 378
"../../../Engine/Content/EngineMaterials/RemoveSurfaceMaterial.uexp" 379
"../../../Engine/Content/EngineMaterials/WeightMapPlaceholderTexture.uasset" 380
"../../../Engine/Content/EngineMaterials/WeightMapPlaceholderTexture.uexp" 381
"../../../Engine/Content/EngineResources/WhiteSquareTexture.uasset" 382
"../../../Engine/Content/EngineResources/WhiteSquareTexture.uexp" 383
"../../../Engine/Content/EngineMaterials/Widget3DPassThrough.uasset" 384
"../../../Engine/Content/EngineMaterials/Widget3DPassThrough.uexp" 385
"../../../Engine/Content/EngineMaterials/Widget3DPassThrough_Masked.uasset" 386
"../../../Engine/Content/EngineMaterials/Widget3DPassThrough_Masked.uexp" 387
"../../../Engine/Content/EngineMaterials/Widget3DPassThrough_Opaque.uasset" 388
"../../../Engine/Content/EngineMaterials/Widget3DPassThrough_Opaque.uexp" 389
"../../../Engine/Content/EngineMaterials/Widget3DPassThrough_Masked_OneSided.uasset" 390
"../../../Engine/Content/EngineMaterials/Widget3DPassThrough_Masked_OneSided.uexp" 391
"../../../Engine/Content/EngineMaterials/Widget3DPassThrough_Opaque_OneSided.uasset" 392
"../../../Engine/Content/EngineMaterials/Widget3DPassThrough_Opaque_OneSided.uexp" 393
"../../../Engine/Content/EngineMaterials/Widget3DPassThrough_Translucent.uasset" 394
"../../../Engine/Content/EngineMaterials/Widget3DPassThrough_Translucent.uexp" 395
"../../../Engine/Content/EngineMaterials/Widget3DPassThrough_Translucent_OneSided.uasset" 396
"../../../Engine/Content/EngineMaterials/Widget3DPassThrough_Translucent_OneSided.uexp" 397
"../../../Engine/Content/EngineMeshes/Cylinder.uasset" 398
"../../../Engine/Content/EngineMeshes/Cylinder.uexp" 399
"../../../Engine/Content/EngineResources/DefaultTexture.uasset" 400
"../../../Engine/Content/EngineResources/DefaultTexture.uexp" 401
"../../../Engine/Content/EngineResources/DefaultTexture.ubulk" 402
"../../../Engine/Content/EngineResources/DefaultTextureCube.uasset" 403
"../../../Engine/Content/EngineResources/DefaultTextureCube.uexp" 404
"../../../Engine/Content/EngineResources/DefaultVolumeTexture2D.uasset" 405
"../../../Engine/Content/EngineResources/DefaultVolumeTexture2D.uexp" 406
"../../../Engine/Content/EngineResources/DefaultVolumeTexture.uasset" 407
"../../../Engine/Content/EngineResources/DefaultVolumeTexture.uexp" 408
"../../../Engine/Content/EngineResources/GradientTexture0.uasset" 409
"../../../Engine/Content/EngineResources/GradientTexture0.uexp" 410
"../../../Engine/Content/EngineSky/VolumetricClouds/T_NoiseShape64.uasset" 411
"../../../Engine/Content/EngineSky/VolumetricClouds/T_NoiseShape64.uexp" 412
"../../../Engine/Content/EngineSky/VolumetricClouds/T_NoiseShape64.ubulk" 413
"../../../Engine/Content/EngineSky/VolumetricClouds/T_VolumeNoiseShape64.uasset" 414
"../../../Engine/Content/EngineSky/VolumetricClouds/T_VolumeNoiseShape64.uexp" 415
"../../../Engine/Content/EngineSky/VolumetricClouds/T_NoiseErosion.uasset" 416
"../../../Engine/Content/EngineSky/VolumetricClouds/T_NoiseErosion.uexp" 417
"../../../Engine/Content/EngineSky/VolumetricClouds/T_NoiseErosion.ubulk" 418
"../../../Engine/Content/EngineSky/VolumetricClouds/T_VolumeNoiseErosion32.uasset" 419
"../../../Engine/Content/EngineSky/VolumetricClouds/T_VolumeNoiseErosion32.uexp" 420
"../../../Engine/Content/Functions/Engine_MaterialFunctions02/Utility/MakeFloat2.uasset" 421
"../../../Engine/Content/Functions/Engine_MaterialFunctions02/Utility/MakeFloat2.uexp" 422
"../../../Engine/Content/EngineSky/VolumetricClouds/CloudWeatherTexture.uasset" 423
"../../../Engine/Content/EngineSky/VolumetricClouds/CloudWeatherTexture.uexp" 424
"../../../Engine/Content/EngineSky/VolumetricClouds/CloudGradientTexture.uasset" 425
"../../../Engine/Content/EngineSky/VolumetricClouds/CloudGradientTexture.uexp" 426
"../../../Engine/Content/EngineSky/VolumetricClouds/m_SimpleVolumetricCloud.uasset" 427
"../../../Engine/Content/EngineSky/VolumetricClouds/m_SimpleVolumetricCloud.uexp" 428
"../../../Engine/Content/EngineSky/VolumetricClouds/m_SimpleVolumetricCloud_Inst.uasset" 429
"../../../Engine/Content/EngineSky/VolumetricClouds/m_SimpleVolumetricCloud_Inst.uexp" 430
"../../../Engine/Content/EngineSounds/Master.uasset" 431
"../../../Engine/Content/EngineSounds/Master.uexp" 432
"../../../Engine/Content/Functions/Engine_MaterialFunctions01/Shading/PowerToRoughness.uasset" 433
"../../../Engine/Content/Functions/Engine_MaterialFunctions01/Shading/PowerToRoughness.uexp" 434
"../../../Engine/Content/Maps/Templates/Thumbnails/Default.uasset" 435
"../../../Engine/Content/Maps/Templates/Thumbnails/Default.uexp" 436
"../../../Engine/Content/Maps/Templates/Thumbnails/TimeOfDay.uasset" 437
"../../../Engine/Content/Maps/Templates/Thumbnails/TimeOfDay.uexp" 438
"../../../Engine/Content/Maps/Templates/Thumbnails/VR-Basic.uasset" 439
"../../../Engine/Content/Maps/Templates/Thumbnails/VR-Basic.uexp" 440
"../../../Engine/Content/MobileResources/T_MobileControls_texture.uasset" 441
"../../../Engine/Content/MobileResources/T_MobileControls_texture.uexp" 442
"../../../Engine/Content/MobileResources/T_MobileMenu2.uasset" 443
"../../../Engine/Content/MobileResources/T_MobileMenu2.uexp" 444
"../../../Engine/Content/MobileResources/HUD/AnalogHat.uasset" 445
"../../../Engine/Content/MobileResources/HUD/AnalogHat.uexp" 446
"../../../Engine/Content/MobileResources/HUD/VirtualJoystick_Thumb.uasset" 447
"../../../Engine/Content/MobileResources/HUD/VirtualJoystick_Thumb.uexp" 448
"../../../Engine/Content/MobileResources/HUD/VirtualJoystick_Background.uasset" 449
"../../../Engine/Content/MobileResources/HUD/VirtualJoystick_Background.uexp" 450
"../../../Engine/Content/MobileResources/HUD/DefaultVirtualJoysticks.uasset" 451
"../../../Engine/Content/MobileResources/HUD/DefaultVirtualJoysticks.uexp" 452
"../../../Engine/Content/MobileResources/HUD/LeftVirtualJoystickOnly.uasset" 453
"../../../Engine/Content/MobileResources/HUD/LeftVirtualJoystickOnly.uexp" 454
"../../../Engine/Content/MobileResources/HUD/MobileHUDButton1_off.uasset" 455
"../../../Engine/Content/MobileResources/HUD/MobileHUDButton1_off.uexp" 456
"../../../Engine/Content/MobileResources/HUD/MobileHUDButton1_on.uasset" 457
"../../../Engine/Content/MobileResources/HUD/MobileHUDButton1_on.uexp" 458
"../../../Engine/Content/MobileResources/HUD/MobileHUDButton2_off.uasset" 459
"../../../Engine/Content/MobileResources/HUD/MobileHUDButton2_off.uexp" 460
"../../../Engine/Content/MobileResources/HUD/MobileHUDButton2_on.uasset" 461
"../../../Engine/Content/MobileResources/HUD/MobileHUDButton2_on.uexp" 462
"../../../Engine/Content/MobileResources/HUD/MobileHUDButton3.uasset" 463
"../../../Engine/Content/MobileResources/HUD/MobileHUDButton3.uexp" 464
"../../../Engine/Content/MobileResources/HUD/MobileHUDButtonFire.uasset" 465
"../../../Engine/Content/MobileResources/HUD/MobileHUDButtonFire.uexp" 466
"../../../Engine/Content/MobileResources/HUD/MobileHUDDirectionPad.uasset" 467
"../../../Engine/Content/MobileResources/HUD/MobileHUDDirectionPad.uexp" 468
"../../../Engine/Content/MobileResources/HUD/MobileHUDDirectionPad2.uasset" 469
"../../../Engine/Content/MobileResources/HUD/MobileHUDDirectionPad2.uexp" 470
"../../../Engine/Content/MobileResources/HUD/MobileHUDDirectionPad3.uasset" 471
"../../../Engine/Content/MobileResources/HUD/MobileHUDDirectionPad3.uexp" 472
"../../../Engine/Content/MobileResources/HUD/MobileHUDDirectionStick.uasset" 473
"../../../Engine/Content/MobileResources/HUD/MobileHUDDirectionStick.uexp" 474
"../../../Engine/Content/MobileResources/HUD/T_Castle_ThumbstickInner.uasset" 475
"../../../Engine/Content/MobileResources/HUD/T_Castle_ThumbstickInner.uexp" 476
"../../../Engine/Content/MobileResources/HUD/T_Castle_ThumbstickOutter.uasset" 477
"../../../Engine/Content/MobileResources/HUD/T_Castle_ThumbstickOutter.uexp" 478
"../../../Engine/Content/Tutorial/ContentIntroCurve.uasset" 479
"../../../Engine/Content/Tutorial/ContentIntroCurve.uexp" 480
"../../../Engine/Content/VREditor/TransformGizmo/TranslucentTransformGizmoMaterial.uasset" 481
"../../../Engine/Content/VREditor/TransformGizmo/TranslucentTransformGizmoMaterial.uexp" 482
"../../../Engine/Content/VREditor/LaserPointer/VR_LaserPower_01.uasset" 483
"../../../Engine/Content/VREditor/LaserPointer/VR_LaserPower_01.uexp" 484
"../../../Engine/Content/VREditor/LaserPointer/VR_LaserPower_01.ubulk" 485
"../../../Engine/Content/VREditor/TransformGizmo/TransformGizmoMaterial.uasset" 486
"../../../Engine/Content/VREditor/TransformGizmo/TransformGizmoMaterial.uexp" 487
"../../../Engine/Content/VREditor/TransformGizmo/BoundingBoxCorner.uasset" 488
"../../../Engine/Content/VREditor/TransformGizmo/BoundingBoxCorner.uexp" 489
"../../../Engine/Content/VREditor/TransformGizmo/BoundingBoxEdge.uasset" 490
"../../../Engine/Content/VREditor/TransformGizmo/BoundingBoxEdge.uexp" 491
"../../../Engine/Content/VREditor/TransformGizmo/PlaneTranslationHandle.uasset" 492
"../../../Engine/Content/VREditor/TransformGizmo/PlaneTranslationHandle.uexp" 493
"../../../Engine/Content/VREditor/TransformGizmo/Xray.uasset" 494
"../../../Engine/Content/VREditor/TransformGizmo/Xray.uexp" 495
"../../../Engine/Content/VREditor/TransformGizmo/Main.uasset" 496
"../../../Engine/Content/VREditor/TransformGizmo/Main.uexp" 497
"../../../Engine/Content/VREditor/TransformGizmo/SM_Sequencer_Key.uasset" 498
"../../../Engine/Content/VREditor/TransformGizmo/SM_Sequencer_Key.uexp" 499
"../../../Engine/Content/VREditor/TransformGizmo/SM_Sequencer_Node.uasset" 500
"../../../Engine/Content/VREditor/TransformGizmo/SM_Sequencer_Node.uexp" 501
"../../../Engine/Plugins/2D/Paper2D/Content/PlaceholderTextures/DummySpriteTexture.uasset" 502
"../../../Engine/Plugins/2D/Paper2D/Content/PlaceholderTextures/DummySpriteTexture.uexp" 503
"../../../Engine/Plugins/2D/Paper2D/Content/PlaceholderTextures/DummySpriteTexture.ubulk" 504
"../../../Engine/Plugins/2D/Paper2D/Content/DummySprite.uasset" 505
"../../../Engine/Plugins/2D/Paper2D/Content/DummySprite.uexp" 506
"../../../Engine/Plugins/2D/Paper2D/Content/DefaultPaperTerrainMaterial.uasset" 507
"../../../Engine/Plugins/2D/Paper2D/Content/DefaultPaperTerrainMaterial.uexp" 508
"../../../Engine/Plugins/2D/Paper2D/Content/DefaultSpriteMaterial.uasset" 509
"../../../Engine/Plugins/2D/Paper2D/Content/DefaultSpriteMaterial.uexp" 510
"../../../Engine/Plugins/2D/Paper2D/Content/MaskedUnlitSpriteMaterial.uasset" 511
"../../../Engine/Plugins/2D/Paper2D/Content/MaskedUnlitSpriteMaterial.uexp" 512
"../../../Engine/Plugins/2D/Paper2D/Content/OpaqueUnlitSpriteMaterial.uasset" 513
"../../../Engine/Plugins/2D/Paper2D/Content/OpaqueUnlitSpriteMaterial.uexp" 514
"../../../Engine/Content/Functions/Engine_MaterialFunctions02/Utility/VectorLength.uasset" 515
"../../../Engine/Content/Functions/Engine_MaterialFunctions02/Utility/VectorLength.uexp" 516
"../../../Engine/Content/Functions/Engine_MaterialFunctions02/ObjectLocalBounds.uasset" 517
"../../../Engine/Content/Functions/Engine_MaterialFunctions02/ObjectLocalBounds.uexp" 518
"../../../Engine/Content/Functions/Engine_MaterialFunctions02/WorldPositionOffset/ObjectScale.uasset" 519
"../../../Engine/Content/Functions/Engine_MaterialFunctions02/WorldPositionOffset/ObjectScale.uexp" 520
"../../../Engine/Content/Functions/Engine_MaterialFunctions02/Utility/BreakOutFloat3Components.uasset" 521
"../../../Engine/Content/Functions/Engine_MaterialFunctions02/Utility/BreakOutFloat3Components.uexp" 522
"../../../Engine/Plugins/Editor/SpeedTreeImporter/Content/SpeedTree9/UnpackInteger3.uasset" 523
"../../../Engine/Plugins/Editor/SpeedTreeImporter/Content/SpeedTree9/UnpackInteger3.uexp" 524
"../../../Engine/Plugins/Editor/SpeedTreeImporter/Content/SpeedTree9/UnpackDirection.uasset" 525
"../../../Engine/Plugins/Editor/SpeedTreeImporter/Content/SpeedTree9/UnpackDirection.uexp" 526
"../../../Engine/Plugins/Editor/SpeedTreeImporter/Content/SpeedTree9/game_wind_noise.uasset" 527
"../../../Engine/Plugins/Editor/SpeedTreeImporter/Content/SpeedTree9/game_wind_noise.uexp" 528
"../../../Engine/Plugins/Editor/SpeedTreeImporter/Content/SpeedTree9/game_wind_noise.ubulk" 529
"../../../Engine/Content/Functions/Engine_MaterialFunctions02/SafeNormalize.uasset" 530
"../../../Engine/Content/Functions/Engine_MaterialFunctions02/SafeNormalize.uexp" 531
"../../../Engine/Plugins/Editor/SpeedTreeImporter/Content/SpeedTree9/SpeedTreeWindMotion.uasset" 532
"../../../Engine/Plugins/Editor/SpeedTreeImporter/Content/SpeedTree9/SpeedTreeWindMotion.uexp" 533
"../../../Engine/Plugins/Editor/SpeedTreeImporter/Content/SpeedTree9/SpeedTreeBranchMotion.uasset" 534
"../../../Engine/Plugins/Editor/SpeedTreeImporter/Content/SpeedTree9/SpeedTreeBranchMotion.uexp" 535
"../../../Engine/Content/Functions/Engine_MaterialFunctions02/UVs/BoundingBoxBased_0-1_UVW.uasset" 536
"../../../Engine/Content/Functions/Engine_MaterialFunctions02/UVs/BoundingBoxBased_0-1_UVW.uexp" 537
"../../../Engine/Plugins/Editor/SpeedTreeImporter/Content/SpeedTree9/SpeedTreeWind.uasset" 538
"../../../Engine/Plugins/Editor/SpeedTreeImporter/Content/SpeedTree9/SpeedTreeWind.uexp" 539
"../../../Engine/Plugins/Editor/SpeedTreeImporter/Content/SpeedTree9/SpeedTreeBillboard.uasset" 540
"../../../Engine/Plugins/Editor/SpeedTreeImporter/Content/SpeedTree9/SpeedTreeBillboard.uexp" 541
"../../../Engine/Plugins/Editor/SpeedTreeImporter/Content/SpeedTree9/EmptyNormal.uasset" 542
"../../../Engine/Plugins/Editor/SpeedTreeImporter/Content/SpeedTree9/EmptyNormal.uexp" 543
"../../../Engine/Plugins/Editor/SpeedTreeImporter/Content/SpeedTree9/Empty.uasset" 544
"../../../Engine/Plugins/Editor/SpeedTreeImporter/Content/SpeedTree9/Empty.uexp" 545
"../../../Engine/Plugins/Editor/SpeedTreeImporter/Content/SpeedTree9/SpeedTreeBillboardMaster.uasset" 546
"../../../Engine/Plugins/Editor/SpeedTreeImporter/Content/SpeedTree9/SpeedTreeBillboardMaster.uexp" 547
"../../../Engine/Plugins/Editor/SpeedTreeImporter/Content/SpeedTree9/SpeedTreeCameraFacing.uasset" 548
"../../../Engine/Plugins/Editor/SpeedTreeImporter/Content/SpeedTree9/SpeedTreeCameraFacing.uexp" 549
"../../../Engine/Plugins/Editor/SpeedTreeImporter/Content/SpeedTree9/SpeedTreeMaster.uasset" 550
"../../../Engine/Plugins/Editor/SpeedTreeImporter/Content/SpeedTree9/SpeedTreeMaster.uexp" 551
"../../../Engine/Content/ArtTools/RenderToTexture/Materials/Debug/M_Emissive_Color.uasset" 552
"../../../Engine/Content/ArtTools/RenderToTexture/Materials/Debug/M_Emissive_Color.uexp" 553
"../../../Engine/Plugins/Lumin/MagicLeapPassableWorld/Content/MagicLeapARPinInfoActor.uasset" 554
"../../../Engine/Plugins/Lumin/MagicLeapPassableWorld/Content/MagicLeapARPinInfoActor.uexp" 555
"../../../Engine/Plugins/Runtime/OpenXR/Content/Devices/GoogleDaydream/MRTexture.uasset" 556
"../../../Engine/Plugins/Runtime/OpenXR/Content/Devices/GoogleDaydream/MRTexture.uexp" 557
"../../../Engine/Plugins/Runtime/OpenXR/Content/Devices/GoogleDaydream/MRTexture.ubulk" 558
"../../../Engine/Plugins/Runtime/OpenXR/Content/Devices/GoogleDaydream/BaseTexture.uasset" 559
"../../../Engine/Plugins/Runtime/OpenXR/Content/Devices/GoogleDaydream/BaseTexture.uexp" 560
"../../../Engine/Plugins/Runtime/OpenXR/Content/Devices/GoogleDaydream/BaseTexture.ubulk" 561
"../../../Engine/Content/EngineResources/Black.uasset" 562
"../../../Engine/Content/EngineResources/Black.uexp" 563
"../../../Engine/Plugins/Runtime/OpenXR/Content/Devices/M_XRController.uasset" 564
"../../../Engine/Plugins/Runtime/OpenXR/Content/Devices/M_XRController.uexp" 565
"../../../Engine/Plugins/Runtime/OpenXR/Content/Devices/GoogleDaydream/MI_GoogleDaydream.uasset" 566
"../../../Engine/Plugins/Runtime/OpenXR/Content/Devices/GoogleDaydream/MI_GoogleDaydream.uexp" 567
"../../../Engine/Plugins/Runtime/OpenXR/Content/Devices/GoogleDaydream/GoogleDaydreamController.uasset" 568
"../../../Engine/Plugins/Runtime/OpenXR/Content/Devices/GoogleDaydream/GoogleDaydreamController.uexp" 569
"../../../Engine/Plugins/Runtime/OpenXR/Content/Devices/HTCVive/BaseTexture.uasset" 570
"../../../Engine/Plugins/Runtime/OpenXR/Content/Devices/HTCVive/BaseTexture.uexp" 571
"../../../Engine/Plugins/Runtime/OpenXR/Content/Devices/HTCVive/BaseTexture.ubulk" 572
"../../../Engine/Plugins/Runtime/OpenXR/Content/Devices/HTCVive/MI_HTCVive.uasset" 573
"../../../Engine/Plugins/Runtime/OpenXR/Content/Devices/HTCVive/MI_HTCVive.uexp" 574
"../../../Engine/Plugins/Runtime/OpenXR/Content/Devices/HTCVive/HTCViveController.uasset" 575
"../../../Engine/Plugins/Runtime/OpenXR/Content/Devices/HTCVive/HTCViveController.uexp" 576
"../../../Engine/Plugins/Runtime/OpenXR/Content/Devices/MicrosoftMixedReality/NormalTexture.uasset" 577
"../../../Engine/Plugins/Runtime/OpenXR/Content/Devices/MicrosoftMixedReality/NormalTexture.uexp" 578
"../../../Engine/Plugins/Runtime/OpenXR/Content/Devices/MicrosoftMixedReality/NormalTexture.ubulk" 579
"../../../Engine/Plugins/Runtime/OpenXR/Content/Devices/MicrosoftMixedReality/MRTexture.uasset" 580
"../../../Engine/Plugins/Runtime/OpenXR/Content/Devices/MicrosoftMixedReality/MRTexture.uexp" 581
"../../../Engine/Plugins/Runtime/OpenXR/Content/Devices/MicrosoftMixedReality/MRTexture.ubulk" 582
"../../../Engine/Plugins/Runtime/OpenXR/Content/Devices/MicrosoftMixedReality/EmissiveTexture.uasset" 583
"../../../Engine/Plugins/Runtime/OpenXR/Content/Devices/MicrosoftMixedReality/EmissiveTexture.uexp" 584
"../../../Engine/Plugins/Runtime/OpenXR/Content/Devices/MicrosoftMixedReality/EmissiveTexture.ubulk" 585
"../../../Engine/Plugins/Runtime/OpenXR/Content/Devices/MicrosoftMixedReality/BaseTexture.uasset" 586
"../../../Engine/Plugins/Runtime/OpenXR/Content/Devices/MicrosoftMixedReality/BaseTexture.uexp" 587
"../../../Engine/Plugins/Runtime/OpenXR/Content/Devices/MicrosoftMixedReality/BaseTexture.ubulk" 588
"../../../Engine/Plugins/Runtime/OpenXR/Content/Devices/MicrosoftMixedReality/MI_MicrosoftMixedReality.uasset" 589
"../../../Engine/Plugins/Runtime/OpenXR/Content/Devices/MicrosoftMixedReality/MI_MicrosoftMixedReality.uexp" 590
"../../../Engine/Plugins/Runtime/OpenXR/Content/Devices/MicrosoftMixedReality/Left/left_MicrosoftMixedRealityController.uasset" 591
"../../../Engine/Plugins/Runtime/OpenXR/Content/Devices/MicrosoftMixedReality/Left/left_MicrosoftMixedRealityController.uexp" 592
"../../../Engine/Plugins/Runtime/OpenXR/Content/Devices/MicrosoftMixedReality/Right/right_MicrosoftMixedRealityController.uasset" 593
"../../../Engine/Plugins/Runtime/OpenXR/Content/Devices/MicrosoftMixedReality/Right/right_MicrosoftMixedRealityController.uexp" 594
"../../../Engine/Plugins/Runtime/OpenXR/Content/Devices/OculusGo/BaseTexture.uasset" 595
"../../../Engine/Plugins/Runtime/OpenXR/Content/Devices/OculusGo/BaseTexture.uexp" 596
"../../../Engine/Plugins/Runtime/OpenXR/Content/Devices/OculusGo/BaseTexture.ubulk" 597
"../../../Engine/Plugins/Runtime/OpenXR/Content/Devices/OculusGo/MI_OculusGo.uasset" 598
"../../../Engine/Plugins/Runtime/OpenXR/Content/Devices/OculusGo/MI_OculusGo.uexp" 599
"../../../Engine/Plugins/Runtime/OpenXR/Content/Devices/OculusGo/OculusGoController.uasset" 600
"../../../Engine/Plugins/Runtime/OpenXR/Content/Devices/OculusGo/OculusGoController.uexp" 601
"../../../Engine/Plugins/Runtime/OpenXR/Content/Devices/OculusTouch/MRTexture.uasset" 602
"../../../Engine/Plugins/Runtime/OpenXR/Content/Devices/OculusTouch/MRTexture.uexp" 603
"../../../Engine/Plugins/Runtime/OpenXR/Content/Devices/OculusTouch/MRTexture.ubulk" 604
"../../../Engine/Plugins/Runtime/OpenXR/Content/Devices/OculusTouch/BaseTexture.uasset" 605
"../../../Engine/Plugins/Runtime/OpenXR/Content/Devices/OculusTouch/BaseTexture.uexp" 606
"../../../Engine/Plugins/Runtime/OpenXR/Content/Devices/OculusTouch/BaseTexture.ubulk" 607
"../../../Engine/Plugins/Runtime/OpenXR/Content/Devices/OculusTouch/MI_OculusTouch.uasset" 608
"../../../Engine/Plugins/Runtime/OpenXR/Content/Devices/OculusTouch/MI_OculusTouch.uexp" 609
"../../../Engine/Plugins/Runtime/OpenXR/Content/Devices/OculusTouch/Left/left_OculusTouchController.uasset" 610
"../../../Engine/Plugins/Runtime/OpenXR/Content/Devices/OculusTouch/Left/left_OculusTouchController.uexp" 611
"../../../Engine/Plugins/Runtime/OpenXR/Content/Devices/OculusTouch/Right/right_OculusTouchController.uasset" 612
"../../../Engine/Plugins/Runtime/OpenXR/Content/Devices/OculusTouch/Right/right_OculusTouchController.uexp" 613
"../../../Engine/Plugins/Runtime/OpenXR/Content/Devices/OculusTouch_v2/MRTexture.uasset" 614
"../../../Engine/Plugins/Runtime/OpenXR/Content/Devices/OculusTouch_v2/MRTexture.uexp" 615
"../../../Engine/Plugins/Runtime/OpenXR/Content/Devices/OculusTouch_v2/MRTexture.ubulk" 616
"../../../Engine/Plugins/Runtime/OpenXR/Content/Devices/OculusTouch_v2/BaseTexture.uasset" 617
"../../../Engine/Plugins/Runtime/OpenXR/Content/Devices/OculusTouch_v2/BaseTexture.uexp" 618
"../../../Engine/Plugins/Runtime/OpenXR/Content/Devices/OculusTouch_v2/BaseTexture.ubulk" 619
"../../../Engine/Plugins/Runtime/OpenXR/Content/Devices/OculusTouch_v2/MI_OculusTouch_v2.uasset" 620
"../../../Engine/Plugins/Runtime/OpenXR/Content/Devices/OculusTouch_v2/MI_OculusTouch_v2.uexp" 621
"../../../Engine/Plugins/Runtime/OpenXR/Content/Devices/OculusTouch_v2/Left/left_OculusTouch_v2Controller.uasset" 622
"../../../Engine/Plugins/Runtime/OpenXR/Content/Devices/OculusTouch_v2/Left/left_OculusTouch_v2Controller.uexp" 623
"../../../Engine/Plugins/Runtime/OpenXR/Content/Devices/OculusTouch_v2/Right/right_OculusTouch_v2Controller.uasset" 624
"../../../Engine/Plugins/Runtime/OpenXR/Content/Devices/OculusTouch_v2/Right/right_OculusTouch_v2Controller.uexp" 625
"../../../Engine/Plugins/Runtime/OpenXR/Content/Devices/OculusTouch_v3/MRTexture.uasset" 626
"../../../Engine/Plugins/Runtime/OpenXR/Content/Devices/OculusTouch_v3/MRTexture.uexp" 627
"../../../Engine/Plugins/Runtime/OpenXR/Content/Devices/OculusTouch_v3/MRTexture.ubulk" 628
"../../../Engine/Plugins/Runtime/OpenXR/Content/Devices/OculusTouch_v3/BaseTexture.uasset" 629
"../../../Engine/Plugins/Runtime/OpenXR/Content/Devices/OculusTouch_v3/BaseTexture.uexp" 630
"../../../Engine/Plugins/Runtime/OpenXR/Content/Devices/OculusTouch_v3/BaseTexture.ubulk" 631
"../../../Engine/Plugins/Runtime/OpenXR/Content/Devices/OculusTouch_v3/MI_OculusTouch_v3.uasset" 632
"../../../Engine/Plugins/Runtime/OpenXR/Content/Devices/OculusTouch_v3/MI_OculusTouch_v3.uexp" 633
"../../../Engine/Plugins/Runtime/OpenXR/Content/Devices/OculusTouch_v3/Left/left_OculusTouch_v3Controller.uasset" 634
"../../../Engine/Plugins/Runtime/OpenXR/Content/Devices/OculusTouch_v3/Left/left_OculusTouch_v3Controller.uexp" 635
"../../../Engine/Plugins/Runtime/OpenXR/Content/Devices/OculusTouch_v3/Right/right_OculusTouch_v3Controller.uasset" 636
"../../../Engine/Plugins/Runtime/OpenXR/Content/Devices/OculusTouch_v3/Right/right_OculusTouch_v3Controller.uexp" 637
"../../../Engine/Plugins/Runtime/OpenXR/Content/Devices/ValveIndex/Left/left_MRTexture.uasset" 638
"../../../Engine/Plugins/Runtime/OpenXR/Content/Devices/ValveIndex/Left/left_MRTexture.uexp" 639
"../../../Engine/Plugins/Runtime/OpenXR/Content/Devices/ValveIndex/Left/left_MRTexture.ubulk" 640
"../../../Engine/Plugins/Runtime/OpenXR/Content/Devices/ValveIndex/Left/left_BaseTexture.uasset" 641
"../../../Engine/Plugins/Runtime/OpenXR/Content/Devices/ValveIndex/Left/left_BaseTexture.uexp" 642
"../../../Engine/Plugins/Runtime/OpenXR/Content/Devices/ValveIndex/Left/left_BaseTexture.ubulk" 643
"../../../Engine/Plugins/Runtime/OpenXR/Content/Devices/ValveIndex/Left/MI_left_ValveIndex.uasset" 644
"../../../Engine/Plugins/Runtime/OpenXR/Content/Devices/ValveIndex/Left/MI_left_ValveIndex.uexp" 645
"../../../Engine/Plugins/Runtime/OpenXR/Content/Devices/ValveIndex/Left/left_ValveIndexController.uasset" 646
"../../../Engine/Plugins/Runtime/OpenXR/Content/Devices/ValveIndex/Left/left_ValveIndexController.uexp" 647
"../../../Engine/Plugins/Runtime/OpenXR/Content/Devices/ValveIndex/Right/right_MRTexture.uasset" 648
"../../../Engine/Plugins/Runtime/OpenXR/Content/Devices/ValveIndex/Right/right_MRTexture.uexp" 649
"../../../Engine/Plugins/Runtime/OpenXR/Content/Devices/ValveIndex/Right/right_MRTexture.ubulk" 650
"../../../Engine/Plugins/Runtime/OpenXR/Content/Devices/ValveIndex/Right/right_BaseTexture.uasset" 651
"../../../Engine/Plugins/Runtime/OpenXR/Content/Devices/ValveIndex/Right/right_BaseTexture.uexp" 652
"../../../Engine/Plugins/Runtime/OpenXR/Content/Devices/ValveIndex/Right/right_BaseTexture.ubulk" 653
"../../../Engine/Plugins/Runtime/OpenXR/Content/Devices/ValveIndex/Right/MI_right_ValveIndex.uasset" 654
"../../../Engine/Plugins/Runtime/OpenXR/Content/Devices/ValveIndex/Right/MI_right_ValveIndex.uexp" 655
"../../../Engine/Plugins/Runtime/OpenXR/Content/Devices/ValveIndex/Right/right_ValveIndexController.uasset" 656
"../../../Engine/Plugins/Runtime/OpenXR/Content/Devices/ValveIndex/Right/right_ValveIndexController.uexp" 657
"../../../Engine/Plugins/Runtime/GoogleVR/GoogleVRController/Content/BatteryIndicatorAlmostFull.uasset" 658
"../../../Engine/Plugins/Runtime/GoogleVR/GoogleVRController/Content/BatteryIndicatorAlmostFull.uexp" 659
"../../../Engine/Plugins/Runtime/GoogleVR/GoogleVRController/Content/BatteryIndicatorCharging.uasset" 660
"../../../Engine/Plugins/Runtime/GoogleVR/GoogleVRController/Content/BatteryIndicatorCharging.uexp" 661
"../../../Engine/Plugins/Runtime/GoogleVR/GoogleVRController/Content/BatteryIndicatorCriticalLow.uasset" 662
"../../../Engine/Plugins/Runtime/GoogleVR/GoogleVRController/Content/BatteryIndicatorCriticalLow.uexp" 663
"../../../Engine/Plugins/Runtime/GoogleVR/GoogleVRController/Content/BatteryIndicatorFull.uasset" 664
"../../../Engine/Plugins/Runtime/GoogleVR/GoogleVRController/Content/BatteryIndicatorFull.uexp" 665
"../../../Engine/Plugins/Runtime/GoogleVR/GoogleVRController/Content/BatteryIndicatorLow.uasset" 666
"../../../Engine/Plugins/Runtime/GoogleVR/GoogleVRController/Content/BatteryIndicatorLow.uexp" 667
"../../../Engine/Plugins/Runtime/GoogleVR/GoogleVRController/Content/BatteryIndicatorMaterial.uasset" 668
"../../../Engine/Plugins/Runtime/GoogleVR/GoogleVRController/Content/BatteryIndicatorMaterial.uexp" 669
"../../../Engine/Plugins/Runtime/GoogleVR/GoogleVRController/Content/BatteryIndicatorMedium.uasset" 670
"../../../Engine/Plugins/Runtime/GoogleVR/GoogleVRController/Content/BatteryIndicatorMedium.uexp" 671
"../../../Engine/Plugins/Runtime/GoogleVR/GoogleVRController/Content/BatteryIndicatorUnknown.uasset" 672
"../../../Engine/Plugins/Runtime/GoogleVR/GoogleVRController/Content/BatteryIndicatorUnknown.uexp" 673
"../../../Engine/Plugins/Runtime/GoogleVR/GoogleVRController/Content/ControllerAppTexture.uasset" 674
"../../../Engine/Plugins/Runtime/GoogleVR/GoogleVRController/Content/ControllerAppTexture.uexp" 675
"../../../Engine/Plugins/Runtime/GoogleVR/GoogleVRController/Content/ControllerAppTexture.ubulk" 676
"../../../Engine/Plugins/Runtime/GoogleVR/GoogleVRController/Content/ControllerIdleTexture.uasset" 677
"../../../Engine/Plugins/Runtime/GoogleVR/GoogleVRController/Content/ControllerIdleTexture.uexp" 678
"../../../Engine/Plugins/Runtime/GoogleVR/GoogleVRController/Content/ControllerIdleTexture.ubulk" 679
"../../../Engine/Plugins/Runtime/GoogleVR/GoogleVRController/Content/ControllerParameters.uasset" 680
"../../../Engine/Plugins/Runtime/GoogleVR/GoogleVRController/Content/ControllerParameters.uexp" 681
"../../../Engine/Plugins/Runtime/GoogleVR/GoogleVRController/Content/ControllerBaseMaterial.uasset" 682
"../../../Engine/Plugins/Runtime/GoogleVR/GoogleVRController/Content/ControllerBaseMaterial.uexp" 683
"../../../Engine/Plugins/Runtime/GoogleVR/GoogleVRController/Content/ControllerAppMaterial.uasset" 684
"../../../Engine/Plugins/Runtime/GoogleVR/GoogleVRController/Content/ControllerAppMaterial.uexp" 685
"../../../Engine/Plugins/Runtime/GoogleVR/GoogleVRController/Content/ControllerIdleMaterial.uasset" 686
"../../../Engine/Plugins/Runtime/GoogleVR/GoogleVRController/Content/ControllerIdleMaterial.uexp" 687
"../../../Engine/Plugins/Runtime/GoogleVR/GoogleVRController/Content/ControllerMesh.uasset" 688
"../../../Engine/Plugins/Runtime/GoogleVR/GoogleVRController/Content/ControllerMesh.uexp" 689
"../../../Engine/Plugins/Runtime/GoogleVR/GoogleVRController/Content/ControllerPadTexture.uasset" 690
"../../../Engine/Plugins/Runtime/GoogleVR/GoogleVRController/Content/ControllerPadTexture.uexp" 691
"../../../Engine/Plugins/Runtime/GoogleVR/GoogleVRController/Content/ControllerPadTexture.ubulk" 692
"../../../Engine/Plugins/Runtime/GoogleVR/GoogleVRController/Content/ControllerPadMaterial.uasset" 693
"../../../Engine/Plugins/Runtime/GoogleVR/GoogleVRController/Content/ControllerPadMaterial.uexp" 694
"../../../Engine/Plugins/Runtime/GoogleVR/GoogleVRController/Content/ControllerReticleTexture.uasset" 695
"../../../Engine/Plugins/Runtime/GoogleVR/GoogleVRController/Content/ControllerReticleTexture.uexp" 696
"../../../Engine/Plugins/Runtime/GoogleVR/GoogleVRController/Content/ControllerRetMaterial.uasset" 697
"../../../Engine/Plugins/Runtime/GoogleVR/GoogleVRController/Content/ControllerRetMaterial.uexp" 698
"../../../Engine/Plugins/Runtime/GoogleVR/GoogleVRController/Content/ControllerSysTexture.uasset" 699
"../../../Engine/Plugins/Runtime/GoogleVR/GoogleVRController/Content/ControllerSysTexture.uexp" 700
"../../../Engine/Plugins/Runtime/GoogleVR/GoogleVRController/Content/ControllerSysTexture.ubulk" 701
"../../../Engine/Plugins/Runtime/GoogleVR/GoogleVRController/Content/ControllerSysMaterial.uasset" 702
"../../../Engine/Plugins/Runtime/GoogleVR/GoogleVRController/Content/ControllerSysMaterial.uexp" 703
"../../../Engine/Content/Functions/Engine_MaterialFunctions02/Utility/AppendMany.uasset" 704
"../../../Engine/Content/Functions/Engine_MaterialFunctions02/Utility/AppendMany.uexp" 705
"../../../Engine/Content/Functions/Engine_MaterialFunctions02/SplitComponents.uasset" 706
"../../../Engine/Content/Functions/Engine_MaterialFunctions02/SplitComponents.uexp" 707
"../../../Engine/Plugins/Runtime/GoogleVR/GoogleVRController/Content/GazeReticleMaterial.uasset" 708
"../../../Engine/Plugins/Runtime/GoogleVR/GoogleVRController/Content/GazeReticleMaterial.uexp" 709
"../../../Engine/Plugins/Runtime/GoogleVR/GoogleVRController/Content/GazeReticleMesh.uasset" 710
"../../../Engine/Plugins/Runtime/GoogleVR/GoogleVRController/Content/GazeReticleMesh.uexp" 711
"../../../Engine/Content/Functions/Engine_MaterialFunctions02/WorldPositionOffset/LocalPosition.uasset" 712
"../../../Engine/Content/Functions/Engine_MaterialFunctions02/WorldPositionOffset/LocalPosition.uexp" 713
"../../../Engine/Plugins/Runtime/GoogleVR/GoogleVRController/Content/LaserPointerTexture.uasset" 714
"../../../Engine/Plugins/Runtime/GoogleVR/GoogleVRController/Content/LaserPointerTexture.uexp" 715
"../../../Engine/Plugins/Runtime/GoogleVR/GoogleVRController/Content/LaserPointerTexture.ubulk" 716
"../../../Engine/Plugins/Runtime/GoogleVR/GoogleVRController/Content/LaserPlaneMaterial.uasset" 717
"../../../Engine/Plugins/Runtime/GoogleVR/GoogleVRController/Content/LaserPlaneMaterial.uexp" 718
"../../../Engine/Plugins/Runtime/GoogleVR/GoogleVRController/Content/LaserPlane.uasset" 719
"../../../Engine/Plugins/Runtime/GoogleVR/GoogleVRController/Content/LaserPlane.uexp" 720
"../../../Engine/Plugins/Runtime/GoogleVR/GoogleVRController/Content/TooltipTextMaterial.uasset" 721
"../../../Engine/Plugins/Runtime/GoogleVR/GoogleVRController/Content/TooltipTextMaterial.uexp" 722
"../../../Engine/Plugins/Runtime/GoogleVR/GoogleVRController/Content/TouchTexture.uasset" 723
"../../../Engine/Plugins/Runtime/GoogleVR/GoogleVRController/Content/TouchTexture.uexp" 724
"../../../Engine/Plugins/Runtime/GoogleVR/GoogleVRController/Content/TouchMaterial.uasset" 725
"../../../Engine/Plugins/Runtime/GoogleVR/GoogleVRController/Content/TouchMaterial.uexp" 726
"../../../Engine/Content/Functions/Engine_MaterialFunctions02/Utility/MakeFloat3.uasset" 727
"../../../Engine/Content/Functions/Engine_MaterialFunctions02/Utility/MakeFloat3.uexp" 728
"../../../Engine/Content/Functions/Engine_MaterialFunctions02/Utility/BreakOutFloat4Components.uasset" 729
"../../../Engine/Content/Functions/Engine_MaterialFunctions02/Utility/BreakOutFloat4Components.uexp" 730
"../../../Engine/Plugins/Runtime/Oculus/OculusVR/Content/Materials/OculusMR_ChromaKey.uasset" 731
"../../../Engine/Plugins/Runtime/Oculus/OculusVR/Content/Materials/OculusMR_ChromaKey.uexp" 732
"../../../Engine/Plugins/Runtime/Oculus/OculusVR/Content/Materials/OculusMR_OpaqueColoredMaterial.uasset" 733
"../../../Engine/Plugins/Runtime/Oculus/OculusVR/Content/Materials/OculusMR_OpaqueColoredMaterial.uexp" 734
"../../../Engine/Plugins/Runtime/Oculus/OculusVR/Content/Materials/PokeAHoleMaterial.uasset" 735
"../../../Engine/Plugins/Runtime/Oculus/OculusVR/Content/Materials/PokeAHoleMaterial.uexp" 736
"../../../Engine/Plugins/Runtime/Oculus/OculusVR/Content/Textures/touchController_controlmap.uasset" 737
"../../../Engine/Plugins/Runtime/Oculus/OculusVR/Content/Textures/touchController_controlmap.uexp" 738
"../../../Engine/Plugins/Runtime/Oculus/OculusVR/Content/Textures/touchController_controlmap.ubulk" 739
"../../../Engine/Plugins/Runtime/Oculus/OculusVR/Content/Textures/touchController_albedo.uasset" 740
"../../../Engine/Plugins/Runtime/Oculus/OculusVR/Content/Textures/touchController_albedo.uexp" 741
"../../../Engine/Plugins/Runtime/Oculus/OculusVR/Content/Textures/touchController_albedo.ubulk" 742
"../../../Engine/Plugins/Runtime/Oculus/OculusVR/Content/Materials/touchController_mat.uasset" 743
"../../../Engine/Plugins/Runtime/Oculus/OculusVR/Content/Materials/touchController_mat.uexp" 744
"../../../Engine/Plugins/Runtime/Oculus/OculusVR/Content/Meshes/LeftTouchController.uasset" 745
"../../../Engine/Plugins/Runtime/Oculus/OculusVR/Content/Meshes/LeftTouchController.uexp" 746
"../../../Engine/Plugins/Runtime/Oculus/OculusVR/Content/Textures/TouchForQuestRiftSController_albedo.uasset" 747
"../../../Engine/Plugins/Runtime/Oculus/OculusVR/Content/Textures/TouchForQuestRiftSController_albedo.uexp" 748
"../../../Engine/Plugins/Runtime/Oculus/OculusVR/Content/Textures/TouchForQuestRiftSController_albedo.ubulk" 749
"../../../Engine/Plugins/Runtime/Oculus/OculusVR/Content/Materials/TouchForQuestRiftSControllerMaterial.uasset" 750
"../../../Engine/Plugins/Runtime/Oculus/OculusVR/Content/Materials/TouchForQuestRiftSControllerMaterial.uexp" 751
"../../../Engine/Plugins/Runtime/Oculus/OculusVR/Content/Meshes/LeftTouchForQuestRiftSController.uasset" 752
"../../../Engine/Plugins/Runtime/Oculus/OculusVR/Content/Meshes/LeftTouchForQuestRiftSController.uexp" 753
"../../../Engine/Plugins/Runtime/Oculus/OculusVR/Content/Meshes/RiftHMD.uasset" 754
"../../../Engine/Plugins/Runtime/Oculus/OculusVR/Content/Meshes/RiftHMD.uexp" 755
"../../../Engine/Plugins/Runtime/Oculus/OculusVR/Content/Meshes/RightTouchController.uasset" 756
"../../../Engine/Plugins/Runtime/Oculus/OculusVR/Content/Meshes/RightTouchController.uexp" 757
"../../../Engine/Plugins/Runtime/Oculus/OculusVR/Content/Meshes/RightTouchForQuestRiftSController.uasset" 758
"../../../Engine/Plugins/Runtime/Oculus/OculusVR/Content/Meshes/RightTouchForQuestRiftSController.uexp" 759
"C:/Users/vgritsenko/Desktop/BB_Task_HandDataDragonfly/Plugins/LeapUnreal/Content/BodyState/BodyStateDebugTestActor.uasset" 760
"C:/Users/vgritsenko/Desktop/BB_Task_HandDataDragonfly/Plugins/LeapUnreal/Content/BodyState/BodyStateDebugTestActor.uexp" 761
"C:/Users/vgritsenko/Desktop/BB_Task_HandDataDragonfly/Plugins/LeapUnreal/Content/Mesh/LowPoly_Rigged_Hand_Right_PhysicsAsset.uasset" 762
"C:/Users/vgritsenko/Desktop/BB_Task_HandDataDragonfly/Plugins/LeapUnreal/Content/Mesh/LowPoly_Rigged_Hand_Right_PhysicsAsset.uexp" 763
"C:/Users/vgritsenko/Desktop/BB_Task_HandDataDragonfly/Plugins/LeapUnreal/Content/Mesh/LoPolyHand_Color_Material.uasset" 764
"C:/Users/vgritsenko/Desktop/BB_Task_HandDataDragonfly/Plugins/LeapUnreal/Content/Mesh/LoPolyHand_Color_Material.uexp" 765
"C:/Users/vgritsenko/Desktop/BB_Task_HandDataDragonfly/Plugins/LeapUnreal/Content/Mesh/LoPolyHand_Color_Material.ubulk" 766
"C:/Users/vgritsenko/Desktop/BB_Task_HandDataDragonfly/Plugins/LeapUnreal/Content/Mesh/TwoToneHandMaterial.uasset" 767
"C:/Users/vgritsenko/Desktop/BB_Task_HandDataDragonfly/Plugins/LeapUnreal/Content/Mesh/TwoToneHandMaterial.uexp" 768
"C:/Users/vgritsenko/Desktop/BB_Task_HandDataDragonfly/Plugins/LeapUnreal/Content/Mesh/LowPoly_Rigged_Hand_Right_Skeleton.uasset" 769
"C:/Users/vgritsenko/Desktop/BB_Task_HandDataDragonfly/Plugins/LeapUnreal/Content/Mesh/LowPoly_Rigged_Hand_Right_Skeleton.uexp" 770
"C:/Users/vgritsenko/Desktop/BB_Task_HandDataDragonfly/Plugins/LeapUnreal/Content/Mesh/LowPoly_Rigged_Hand_Right.uasset" 771
"C:/Users/vgritsenko/Desktop/BB_Task_HandDataDragonfly/Plugins/LeapUnreal/Content/Mesh/LowPoly_Rigged_Hand_Right.uexp" 772
"C:/Users/vgritsenko/Desktop/BB_Task_HandDataDragonfly/Plugins/LeapUnreal/Content/Mesh/LowPoly_Rigged_Hand_Left_PhysicsAsset.uasset" 773
"C:/Users/vgritsenko/Desktop/BB_Task_HandDataDragonfly/Plugins/LeapUnreal/Content/Mesh/LowPoly_Rigged_Hand_Left_PhysicsAsset.uexp" 774
"C:/Users/vgritsenko/Desktop/BB_Task_HandDataDragonfly/Plugins/LeapUnreal/Content/Mesh/LowPoly_Rigged_Hand_Left_Skeleton.uasset" 775
"C:/Users/vgritsenko/Desktop/BB_Task_HandDataDragonfly/Plugins/LeapUnreal/Content/Mesh/LowPoly_Rigged_Hand_Left_Skeleton.uexp" 776
"C:/Users/vgritsenko/Desktop/BB_Task_HandDataDragonfly/Plugins/LeapUnreal/Content/Mesh/LowPoly_Rigged_Hand_Left.uasset" 777
"C:/Users/vgritsenko/Desktop/BB_Task_HandDataDragonfly/Plugins/LeapUnreal/Content/Mesh/LowPoly_Rigged_Hand_Left.uexp" 778
"C:/Users/vgritsenko/Desktop/BB_Task_HandDataDragonfly/Plugins/LeapUnreal/Content/BodyState/BSLowPolyRightAnimBP.uasset" 779
"C:/Users/vgritsenko/Desktop/BB_Task_HandDataDragonfly/Plugins/LeapUnreal/Content/BodyState/BSLowPolyRightAnimBP.uexp" 780
"C:/Users/vgritsenko/Desktop/BB_Task_HandDataDragonfly/Plugins/LeapUnreal/Content/BodyState/BSLowPolyLeftAnimBP.uasset" 781
"C:/Users/vgritsenko/Desktop/BB_Task_HandDataDragonfly/Plugins/LeapUnreal/Content/BodyState/BSLowPolyLeftAnimBP.uexp" 782
"C:/Users/vgritsenko/Desktop/BB_Task_HandDataDragonfly/Plugins/LeapUnreal/Content/DirectRigging/LowPoly/LeapDesktopLowPoly.uasset" 783
"C:/Users/vgritsenko/Desktop/BB_Task_HandDataDragonfly/Plugins/LeapUnreal/Content/DirectRigging/LowPoly/LeapDesktopLowPoly.uexp" 784
"C:/Users/vgritsenko/Desktop/BB_Task_HandDataDragonfly/Plugins/LeapUnreal/Content/DirectRigging/LowPoly/LeapLowPolyRightStretchAnimBP.uasset" 785
"C:/Users/vgritsenko/Desktop/BB_Task_HandDataDragonfly/Plugins/LeapUnreal/Content/DirectRigging/LowPoly/LeapLowPolyRightStretchAnimBP.uexp" 786
"C:/Users/vgritsenko/Desktop/BB_Task_HandDataDragonfly/Plugins/LeapUnreal/Content/DirectRigging/LowPoly/LeapLowPolyRightAnimBP.uasset" 787
"C:/Users/vgritsenko/Desktop/BB_Task_HandDataDragonfly/Plugins/LeapUnreal/Content/DirectRigging/LowPoly/LeapLowPolyRightAnimBP.uexp" 788
"C:/Users/vgritsenko/Desktop/BB_Task_HandDataDragonfly/Plugins/LeapUnreal/Content/DirectRigging/LowPoly/LeapLowPolyLeftStretchAnimBP.uasset" 789
"C:/Users/vgritsenko/Desktop/BB_Task_HandDataDragonfly/Plugins/LeapUnreal/Content/DirectRigging/LowPoly/LeapLowPolyLeftStretchAnimBP.uexp" 790
"C:/Users/vgritsenko/Desktop/BB_Task_HandDataDragonfly/Plugins/LeapUnreal/Content/DirectRigging/LowPoly/LeapLowPolyLeftAnimBP.uasset" 791
"C:/Users/vgritsenko/Desktop/BB_Task_HandDataDragonfly/Plugins/LeapUnreal/Content/DirectRigging/LowPoly/LeapLowPolyLeftAnimBP.uexp" 792
"C:/Users/vgritsenko/Desktop/BB_Task_HandDataDragonfly/Plugins/LeapUnreal/Content/DirectRigging/LowPoly/LeapLowPolyHand.uasset" 793
"C:/Users/vgritsenko/Desktop/BB_Task_HandDataDragonfly/Plugins/LeapUnreal/Content/DirectRigging/LowPoly/LeapLowPolyHand.uexp" 794
"C:/Users/vgritsenko/Desktop/BB_Task_HandDataDragonfly/Plugins/LeapUnreal/Content/BodyState/BSLowPolyHand.uasset" 795
"C:/Users/vgritsenko/Desktop/BB_Task_HandDataDragonfly/Plugins/LeapUnreal/Content/BodyState/BSLowPolyHand.uexp" 796
"C:/Users/vgritsenko/Desktop/BB_Task_HandDataDragonfly/Plugins/LeapUnreal/Content/Examples/LeapDesktopActor.uasset" 797
"C:/Users/vgritsenko/Desktop/BB_Task_HandDataDragonfly/Plugins/LeapUnreal/Content/Examples/LeapDesktopActor.uexp" 798
"C:/Users/vgritsenko/Desktop/BB_Task_HandDataDragonfly/Plugins/LeapUnreal/Content/Examples/LeapHandsPawn.uasset" 799
"C:/Users/vgritsenko/Desktop/BB_Task_HandDataDragonfly/Plugins/LeapUnreal/Content/Examples/LeapHandsPawn.uexp" 800
"C:/Users/vgritsenko/Desktop/BB_Task_HandDataDragonfly/Plugins/LeapUnreal/Content/Mesh/Lamb_LowPolyHand.uasset" 801
"C:/Users/vgritsenko/Desktop/BB_Task_HandDataDragonfly/Plugins/LeapUnreal/Content/Mesh/Lamb_LowPolyHand.uexp" 802
"C:/Users/vgritsenko/Desktop/BB_Task_HandDataDragonfly/Plugins/Leap_Data/Content/BluePrints/LeapData.uasset" 803
"C:/Users/vgritsenko/Desktop/BB_Task_HandDataDragonfly/Plugins/Leap_Data/Content/BluePrints/LeapData.uexp" 804
"C:/Users/vgritsenko/Desktop/BB_Task_HandDataDragonfly/Plugins/Leap_Data/Content/Example/ExampleLeap.uasset" 805
"C:/Users/vgritsenko/Desktop/BB_Task_HandDataDragonfly/Plugins/Leap_Data/Content/Example/ExampleLeap.uexp" 806
"C:/Users/vgritsenko/Desktop/BB_Task_HandDataDragonfly/Plugins/Vive_Tracker_Data/Content/Materials/Textures/vr_tracker_vive_1_0_spec.uasset" 807
"C:/Users/vgritsenko/Desktop/BB_Task_HandDataDragonfly/Plugins/Vive_Tracker_Data/Content/Materials/Textures/vr_tracker_vive_1_0_spec.uexp" 808
"C:/Users/vgritsenko/Desktop/BB_Task_HandDataDragonfly/Plugins/Vive_Tracker_Data/Content/Materials/Textures/vr_tracker_vive_1_0_spec.ubulk" 809
"C:/Users/vgritsenko/Desktop/BB_Task_HandDataDragonfly/Plugins/Vive_Tracker_Data/Content/Materials/Textures/vr_tracker_vive_1_0_diff.uasset" 810
"C:/Users/vgritsenko/Desktop/BB_Task_HandDataDragonfly/Plugins/Vive_Tracker_Data/Content/Materials/Textures/vr_tracker_vive_1_0_diff.uexp" 811
"C:/Users/vgritsenko/Desktop/BB_Task_HandDataDragonfly/Plugins/Vive_Tracker_Data/Content/Materials/Textures/vr_tracker_vive_1_0_diff.ubulk" 812
"C:/Users/vgritsenko/Desktop/BB_Task_HandDataDragonfly/Plugins/Vive_Tracker_Data/Content/Materials/TrackerMaterial.uasset" 813
"C:/Users/vgritsenko/Desktop/BB_Task_HandDataDragonfly/Plugins/Vive_Tracker_Data/Content/Materials/TrackerMaterial.uexp" 814
"C:/Users/vgritsenko/Desktop/BB_Task_HandDataDragonfly/Plugins/Vive_Tracker_Data/Content/Meshes/vive_tracker.uasset" 815
"C:/Users/vgritsenko/Desktop/BB_Task_HandDataDragonfly/Plugins/Vive_Tracker_Data/Content/Meshes/vive_tracker.uexp" 816
"C:/Users/vgritsenko/Desktop/BB_Task_HandDataDragonfly/Plugins/Vive_Tracker_Data/Content/BluePrints/TrackerData.uasset" 817
"C:/Users/vgritsenko/Desktop/BB_Task_HandDataDragonfly/Plugins/Vive_Tracker_Data/Content/BluePrints/TrackerData.uexp" 818
"../../../Engine/Content/BasicShapes/BasicShapeMaterial.uasset" 819
"../../../Engine/Content/BasicShapes/BasicShapeMaterial.uexp" 820
"../../../Engine/Content/EditorMaterials/WidgetMaterial_Z.uasset" 821
"../../../Engine/Content/EditorMaterials/WidgetMaterial_Z.uexp" 822
"C:/Users/vgritsenko/Desktop/BB_Task_HandDataDragonfly/Plugins/PhaseSpaceData/Content/BluePrints/PhaseSpaceData.uasset" 823
"C:/Users/vgritsenko/Desktop/BB_Task_HandDataDragonfly/Plugins/PhaseSpaceData/Content/BluePrints/PhaseSpaceData.uexp" 824
"C:/Users/vgritsenko/Desktop/BB_Task_HandDataDragonfly/Plugins/NEL_DAQ_Examples/Content/All_DAQs.uasset" 825
"C:/Users/vgritsenko/Desktop/BB_Task_HandDataDragonfly/Plugins/NEL_DAQ_Examples/Content/All_DAQs.uexp" 826
"C:/Users/vgritsenko/Desktop/BB_Task_HandDataDragonfly/Plugins/NEL_DAQ_Examples/Content/Leap_DAQ.uasset" 827
"C:/Users/vgritsenko/Desktop/BB_Task_HandDataDragonfly/Plugins/NEL_DAQ_Examples/Content/Leap_DAQ.uexp" 828
"C:/Users/vgritsenko/Desktop/BB_Task_HandDataDragonfly/Plugins/NEL_DAQ_Examples/Content/PhaseSpaceHand_DAQ.uasset" 829
"C:/Users/vgritsenko/Desktop/BB_Task_HandDataDragonfly/Plugins/NEL_DAQ_Examples/Content/PhaseSpaceHand_DAQ.uexp" 830
"C:/Users/vgritsenko/Desktop/BB_Task_HandDataDragonfly/Plugins/NEL_DAQ_Examples/Content/PhaseSpaceHand_Leap_DAQ.uasset" 831
"C:/Users/vgritsenko/Desktop/BB_Task_HandDataDragonfly/Plugins/NEL_DAQ_Examples/Content/PhaseSpaceHand_Leap_DAQ.uexp" 832
"C:/Users/vgritsenko/Desktop/BB_Task_HandDataDragonfly/Plugins/PhaseSpaceData/Content/BluePrints/PS_Calibration.uasset" 833
"C:/Users/vgritsenko/Desktop/BB_Task_HandDataDragonfly/Plugins/PhaseSpaceData/Content/BluePrints/PS_Calibration.uexp" 834
"C:/Users/vgritsenko/Desktop/BB_Task_HandDataDragonfly/Plugins/NEL_DAQ_Examples/Content/PhaseSpace_Calibration_DAQ.uasset" 835
"C:/Users/vgritsenko/Desktop/BB_Task_HandDataDragonfly/Plugins/NEL_DAQ_Examples/Content/PhaseSpace_Calibration_DAQ.uexp" 836
"C:/Users/vgritsenko/Desktop/BB_Task_HandDataDragonfly/Plugins/NEL_DAQ_Examples/Content/PhaseSpace_Tracker_DAQ.uasset" 837
"C:/Users/vgritsenko/Desktop/BB_Task_HandDataDragonfly/Plugins/NEL_DAQ_Examples/Content/PhaseSpace_Tracker_DAQ.uexp" 838
"C:/Users/vgritsenko/Desktop/BB_Task_HandDataDragonfly/Plugins/NEL_DAQ_Examples/Content/Tracker_DAQ.uasset" 839
"C:/Users/vgritsenko/Desktop/BB_Task_HandDataDragonfly/Plugins/NEL_DAQ_Examples/Content/Tracker_DAQ.uexp" 840
"C:/Users/vgritsenko/Desktop/BB_Task_HandDataDragonfly/Plugins/NEL_DAQ_Examples/Content/Tracker_Leap_DAQ.uasset" 841
"C:/Users/vgritsenko/Desktop/BB_Task_HandDataDragonfly/Plugins/NEL_DAQ_Examples/Content/Tracker_Leap_DAQ.uexp" 842
"C:/Users/vgritsenko/Desktop/BB_Task_HandDataDragonfly/Plugins/SocketServerConnection/Content/check_connection_actor.uasset" 843
"C:/Users/vgritsenko/Desktop/BB_Task_HandDataDragonfly/Plugins/SocketServerConnection/Content/check_connection_actor.uexp" 844
"../../../Engine/Content/EngineMeshes/Sphere.uasset" 845
"../../../Engine/Content/EngineMeshes/Sphere.uexp" 846
"C:/Users/vgritsenko/Desktop/BB_Task_HandDataDragonfly/Plugins/Vive_Tracker_Data/Content/BluePrints/ControllerData.uasset" 847
"C:/Users/vgritsenko/Desktop/BB_Task_HandDataDragonfly/Plugins/Vive_Tracker_Data/Content/BluePrints/ControllerData.uexp" 848
"C:/Users/vgritsenko/Desktop/BB_Task_HandDataDragonfly/Plugins/Vive_Tracker_Data/Content/Example/Controller_Location.uasset" 849
"C:/Users/vgritsenko/Desktop/BB_Task_HandDataDragonfly/Plugins/Vive_Tracker_Data/Content/Example/Controller_Location.uexp" 850
"C:/Users/vgritsenko/Desktop/BB_Task_HandDataDragonfly/Plugins/Vive_Tracker_Data/Content/Example/ExampleTracker.uasset" 851
"C:/Users/vgritsenko/Desktop/BB_Task_HandDataDragonfly/Plugins/Vive_Tracker_Data/Content/Example/ExampleTracker.uexp" 852
"C:/Users/vgritsenko/Desktop/BB_Task_HandDataDragonfly/Plugins/PhaseSpaceData/Content/Example/ExamplePS.uasset" 853
"C:/Users/vgritsenko/Desktop/BB_Task_HandDataDragonfly/Plugins/PhaseSpaceData/Content/Example/ExamplePS.uexp" 854
"../../../Engine/Content/EngineSky/T_Sky_Stars.uasset" 855
"../../../Engine/Content/EngineSky/T_Sky_Stars.uexp" 856
"../../../Engine/Content/EngineSky/T_Sky_Stars.ubulk" 857
"../../../Engine/Content/EngineSky/T_Sky_Clouds_M.uasset" 858
"../../../Engine/Content/EngineSky/T_Sky_Clouds_M.uexp" 859
"../../../Engine/Content/EngineSky/T_Sky_Clouds_M.ubulk" 860
"../../../Engine/Content/EngineSky/T_Sky_Blue.uasset" 861
"../../../Engine/Content/EngineSky/T_Sky_Blue.uexp" 862
"../../../Engine/Content/EngineSky/T_Sky_Blue.ubulk" 863
"../../../Engine/Content/EngineSky/M_Sky_Panning_Clouds2.uasset" 864
"../../../Engine/Content/EngineSky/M_Sky_Panning_Clouds2.uexp" 865
"C:/Users/vgritsenko/Desktop/BB_Task_HandDataDragonfly/Content/VirtualRealityBP/Maps/HMDLocomotionMap_BuiltData.uasset" 866
"C:/Users/vgritsenko/Desktop/BB_Task_HandDataDragonfly/Content/VirtualRealityBP/Maps/HMDLocomotionMap_BuiltData.uexp" 867
"C:/Users/vgritsenko/Desktop/BB_Task_HandDataDragonfly/Content/VirtualRealityBP/Maps/HMDLocomotionMap_BuiltData.ubulk" 868
"../../../Engine/Content/EngineSky/SM_SkySphere.uasset" 869
"../../../Engine/Content/EngineSky/SM_SkySphere.uexp" 870
"../../../Engine/Content/EngineSky/C_Sky_Zenith_Color.uasset" 871
"../../../Engine/Content/EngineSky/C_Sky_Zenith_Color.uexp" 872
"../../../Engine/Content/EngineSky/C_Sky_Horizon_Color.uasset" 873
"../../../Engine/Content/EngineSky/C_Sky_Horizon_Color.uexp" 874
"../../../Engine/Content/EngineSky/C_Sky_Cloud_Color.uasset" 875
"../../../Engine/Content/EngineSky/C_Sky_Cloud_Color.uexp" 876
"../../../Engine/Content/EngineSky/BP_Sky_Sphere.uasset" 877
"../../../Engine/Content/EngineSky/BP_Sky_Sphere.uexp" 878
"C:/Users/vgritsenko/Desktop/BB_Task_HandDataDragonfly/Content/VirtualRealityBP/Blueprints/HMDLocomotionPawn.uasset" 879
"C:/Users/vgritsenko/Desktop/BB_Task_HandDataDragonfly/Content/VirtualRealityBP/Blueprints/HMDLocomotionPawn.uexp" 880
"C:/Users/vgritsenko/Desktop/BB_Task_HandDataDragonfly/Content/VirtualReality/Materials/M_BaseMaterial.uasset" 881
"C:/Users/vgritsenko/Desktop/BB_Task_HandDataDragonfly/Content/VirtualReality/Materials/M_BaseMaterial.uexp" 882
"C:/Users/vgritsenko/Desktop/BB_Task_HandDataDragonfly/Content/VirtualReality/Materials/MI_BaseMaterial3.uasset" 883
"C:/Users/vgritsenko/Desktop/BB_Task_HandDataDragonfly/Content/VirtualReality/Materials/MI_BaseMaterial3.uexp" 884
"C:/Users/vgritsenko/Desktop/BB_Task_HandDataDragonfly/Content/VirtualReality/Materials/MI_BaseMaterial2.uasset" 885
"C:/Users/vgritsenko/Desktop/BB_Task_HandDataDragonfly/Content/VirtualReality/Materials/MI_BaseMaterial2.uexp" 886
"C:/Users/vgritsenko/Desktop/BB_Task_HandDataDragonfly/Content/Geometry/Meshes/1M_Cube.uasset" 887
"C:/Users/vgritsenko/Desktop/BB_Task_HandDataDragonfly/Content/Geometry/Meshes/1M_Cube.uexp" 888
"C:/Users/vgritsenko/Desktop/BB_Task_HandDataDragonfly/Content/VirtualRealityBP/Maps/HMDLocomotionMap.uexp" 889
"C:/Users/vgritsenko/Desktop/BB_Task_HandDataDragonfly/Content/VirtualRealityBP/Maps/HMDLocomotionMap.umap" 890
"C:/Users/vgritsenko/Desktop/BB_Task_HandDataDragonfly/Content/VirtualReality/Materials/MI_SmallCubes.uasset" 891
"C:/Users/vgritsenko/Desktop/BB_Task_HandDataDragonfly/Content/VirtualReality/Materials/MI_SmallCubes.uexp" 892
"C:/Users/vgritsenko/Desktop/BB_Task_HandDataDragonfly/Content/VirtualRealityBP/Blueprints/BP_PickupCube.uasset" 893
"C:/Users/vgritsenko/Desktop/BB_Task_HandDataDragonfly/Content/VirtualRealityBP/Blueprints/BP_PickupCube.uexp" 894
"C:/Users/vgritsenko/Desktop/BB_Task_HandDataDragonfly/Content/Hands/Models/OculusHand_R_Skeleton.uasset" 895
"C:/Users/vgritsenko/Desktop/BB_Task_HandDataDragonfly/Content/Hands/Models/OculusHand_R_Skeleton.uexp" 896
"C:/Users/vgritsenko/Desktop/BB_Task_HandDataDragonfly/Content/Hands/Models/RightHand_Sphere.uasset" 897
"C:/Users/vgritsenko/Desktop/BB_Task_HandDataDragonfly/Content/Hands/Models/RightHand_Sphere.uexp" 898
"C:/Users/vgritsenko/Desktop/BB_Task_HandDataDragonfly/Content/Hands/Models/LeftHand_Sphere.uasset" 899
"C:/Users/vgritsenko/Desktop/BB_Task_HandDataDragonfly/Content/Hands/Models/LeftHand_Sphere.uexp" 900
"C:/Users/vgritsenko/Desktop/BB_Task_HandDataDragonfly/Content/Hands/Models/LeftHand_Cube.uasset" 901
"C:/Users/vgritsenko/Desktop/BB_Task_HandDataDragonfly/Content/Hands/Models/LeftHand_Cube.uexp" 902
"C:/Users/vgritsenko/Desktop/BB_Task_HandDataDragonfly/Content/Hands/Models/HandRight_Cube.uasset" 903
"C:/Users/vgritsenko/Desktop/BB_Task_HandDataDragonfly/Content/Hands/Models/HandRight_Cube.uexp" 904
"C:/Users/vgritsenko/Desktop/BB_Task_HandDataDragonfly/Content/VirtualRealityBP/Maps/MotionControllerMap_BuiltData.uasset" 905
"C:/Users/vgritsenko/Desktop/BB_Task_HandDataDragonfly/Content/VirtualRealityBP/Maps/MotionControllerMap_BuiltData.uexp" 906
"C:/Users/vgritsenko/Desktop/BB_Task_HandDataDragonfly/Content/VirtualRealityBP/Maps/MotionControllerMap_BuiltData.ubulk" 907
"C:/Users/vgritsenko/Desktop/BB_Task_HandDataDragonfly/Content/Geometry/Meshes/EditorSphere.uasset" 908
"C:/Users/vgritsenko/Desktop/BB_Task_HandDataDragonfly/Content/Geometry/Meshes/EditorSphere.uexp" 909
"C:/Users/vgritsenko/Desktop/BB_Task_HandDataDragonfly/Content/Hands/Models/OculusHand_R.uasset" 910
"C:/Users/vgritsenko/Desktop/BB_Task_HandDataDragonfly/Content/Hands/Models/OculusHand_R.uexp" 911
"C:/Users/vgritsenko/Desktop/BB_Task_HandDataDragonfly/Content/VirtualRealityObjectPickup/BPC_Hand.uasset" 912
"C:/Users/vgritsenko/Desktop/BB_Task_HandDataDragonfly/Content/VirtualRealityObjectPickup/BPC_Hand.uexp" 913
"C:/Users/vgritsenko/Desktop/BB_Task_HandDataDragonfly/Content/VirtualRealityObjectPickup/BP_Hand.uasset" 914
"C:/Users/vgritsenko/Desktop/BB_Task_HandDataDragonfly/Content/VirtualRealityObjectPickup/BP_Hand.uexp" 915
"C:/Users/vgritsenko/Desktop/BB_Task_HandDataDragonfly/Content/VirtualRealityObjectPickup/BP_RightHand.uasset" 916
"C:/Users/vgritsenko/Desktop/BB_Task_HandDataDragonfly/Content/VirtualRealityObjectPickup/BP_RightHand.uexp" 917
"C:/Users/vgritsenko/Desktop/BB_Task_HandDataDragonfly/Content/VirtualRealityObjectPickup/BP_Hand_Data_Pawn.uasset" 918
"C:/Users/vgritsenko/Desktop/BB_Task_HandDataDragonfly/Content/VirtualRealityObjectPickup/BP_Hand_Data_Pawn.uexp" 919
"C:/Users/vgritsenko/Desktop/BB_Task_HandDataDragonfly/Content/VirtualRealityObjectPickup/BP_HandPawn.uasset" 920
"C:/Users/vgritsenko/Desktop/BB_Task_HandDataDragonfly/Content/VirtualRealityObjectPickup/BP_HandPawn.uexp" 921
"C:/Users/vgritsenko/Desktop/BB_Task_HandDataDragonfly/Content/VirtualRealityBP/Maps/MotionControllerMap.uexp" 922
"C:/Users/vgritsenko/Desktop/BB_Task_HandDataDragonfly/Content/VirtualRealityBP/Maps/MotionControllerMap.umap" 923
"../../../Engine/Content/MapTemplates/Sky/DaylightAmbientCubemap.uasset" 924
"../../../Engine/Content/MapTemplates/Sky/DaylightAmbientCubemap.uexp" 925
"../../../Engine/Content/BasicShapes/Cube.uasset" 926
"../../../Engine/Content/BasicShapes/Cube.uexp" 927
"C:/Users/vgritsenko/Desktop/BB_Task_HandDataDragonfly/Content/VirtualRealityObjectPickup/Meshes/MediumBlockColor.uasset" 928
"C:/Users/vgritsenko/Desktop/BB_Task_HandDataDragonfly/Content/VirtualRealityObjectPickup/Meshes/MediumBlockColor.uexp" 929
"C:/Users/vgritsenko/Desktop/BB_Task_HandDataDragonfly/Content/VirtualRealityBP/Maps/StartupMap_BuiltData.uasset" 930
"C:/Users/vgritsenko/Desktop/BB_Task_HandDataDragonfly/Content/VirtualRealityBP/Maps/StartupMap_BuiltData.uexp" 931
"C:/Users/vgritsenko/Desktop/BB_Task_HandDataDragonfly/Content/VirtualRealityBP/Maps/StartupMap_BuiltData.ubulk" 932
"C:/Users/vgritsenko/Desktop/BB_Task_HandDataDragonfly/Content/Geometry/Meshes/TemplateFloor.uasset" 933
"C:/Users/vgritsenko/Desktop/BB_Task_HandDataDragonfly/Content/Geometry/Meshes/TemplateFloor.uexp" 934
"C:/Users/vgritsenko/Desktop/BB_Task_HandDataDragonfly/Content/Yellow_Block.uasset" 935
"C:/Users/vgritsenko/Desktop/BB_Task_HandDataDragonfly/Content/Yellow_Block.uexp" 936
"C:/Users/vgritsenko/Desktop/BB_Task_HandDataDragonfly/Content/wood_0019_base_color_4k.uasset" 937
"C:/Users/vgritsenko/Desktop/BB_Task_HandDataDragonfly/Content/wood_0019_base_color_4k.uexp" 938
"C:/Users/vgritsenko/Desktop/BB_Task_HandDataDragonfly/Content/wood_0019_base_color_4k.ubulk" 939
"C:/Users/vgritsenko/Desktop/BB_Task_HandDataDragonfly/Content/wood_0019_base_color_4k_Mat.uasset" 940
"C:/Users/vgritsenko/Desktop/BB_Task_HandDataDragonfly/Content/wood_0019_base_color_4k_Mat.uexp" 941
"C:/Users/vgritsenko/Desktop/BB_Task_HandDataDragonfly/Content/wood_0015_base_color_4k.uasset" 942
"C:/Users/vgritsenko/Desktop/BB_Task_HandDataDragonfly/Content/wood_0015_base_color_4k.uexp" 943
"C:/Users/vgritsenko/Desktop/BB_Task_HandDataDragonfly/Content/wood_0015_base_color_4k.ubulk" 944
"C:/Users/vgritsenko/Desktop/BB_Task_HandDataDragonfly/Content/wood_0015_base_color_4k_Mat.uasset" 945
"C:/Users/vgritsenko/Desktop/BB_Task_HandDataDragonfly/Content/wood_0015_base_color_4k_Mat.uexp" 946
"C:/Users/vgritsenko/Desktop/BB_Task_HandDataDragonfly/Content/Green_Block.uasset" 947
"C:/Users/vgritsenko/Desktop/BB_Task_HandDataDragonfly/Content/Green_Block.uexp" 948
"C:/Users/vgritsenko/Desktop/BB_Task_HandDataDragonfly/Content/Blue_Block.uasset" 949
"C:/Users/vgritsenko/Desktop/BB_Task_HandDataDragonfly/Content/Blue_Block.uexp" 950
"C:/Users/vgritsenko/Desktop/BB_Task_HandDataDragonfly/Content/VirtualRealityBP/Maps/StartupMap.uexp" 951
"C:/Users/vgritsenko/Desktop/BB_Task_HandDataDragonfly/Content/VirtualRealityBP/Maps/StartupMap.umap" 952
"../../../Engine/Content/Maps/Entry_BuiltData.uasset" 953
"../../../Engine/Content/Maps/Entry_BuiltData.uexp" 954
"../../../Engine/Content/Maps/Entry.uexp" 955
"../../../Engine/Content/Maps/Entry.umap" 956
